[0.212s] DEBUG:colcon:Command line arguments: ['/usr/bin/colcon', 'build', '--packages-select', 'custom_msgs']
[0.212s] DEBUG:colcon:Parsed command line arguments: Namespace(allow_overriding=[], ament_cmake_args=None, base_paths=['.'], build_base='build', catkin_cmake_args=None, catkin_skip_building_tests=False, cmake_args=None, cmake_clean_cache=False, cmake_clean_first=False, cmake_force_configure=False, cmake_target=None, cmake_target_skip_unavailable=False, continue_on_error=False, event_handlers=None, executor='parallel', ignore_user_meta=False, install_base='install', log_base=None, log_level=None, main=<bound method BuildVerb.main of <colcon_core.verb.build.BuildVerb object at 0x7f64b738d790>>, merge_install=False, metas=['./colcon.meta'], packages_above=None, packages_above_and_dependencies=None, packages_above_depth=None, packages_end=None, packages_ignore=None, packages_ignore_regex=None, packages_select=['custom_msgs'], packages_select_build_failed=False, packages_select_by_dep=None, packages_select_regex=None, packages_select_test_failures=False, packages_skip=None, packages_skip_build_finished=False, packages_skip_by_dep=None, packages_skip_regex=None, packages_skip_test_passed=False, packages_skip_up_to=None, packages_start=None, packages_up_to=None, packages_up_to_regex=None, parallel_workers=12, paths=None, symlink_install=False, test_result_base=None, verb_extension=<colcon_core.verb.build.BuildVerb object at 0x7f64b738d790>, verb_name='build', verb_parser=<colcon_defaults.argument_parser.defaults.DefaultArgumentsDecorator object at 0x7f64b738dbe0>)
[0.253s] Level 1:colcon.colcon_core.package_discovery:discover_packages(colcon_meta) check parameters
[0.253s] Level 1:colcon.colcon_core.package_discovery:discover_packages(recursive) check parameters
[0.253s] Level 1:colcon.colcon_core.package_discovery:discover_packages(ignore) check parameters
[0.253s] Level 1:colcon.colcon_core.package_discovery:discover_packages(path) check parameters
[0.253s] Level 1:colcon.colcon_core.package_discovery:discover_packages(colcon_meta) discover
[0.253s] Level 1:colcon.colcon_core.package_discovery:discover_packages(recursive) discover
[0.253s] INFO:colcon.colcon_core.package_discovery:Crawling recursively for packages in '/home/m4pc/m4v2-code/m4_ws'
[0.253s] Level 1:colcon.colcon_core.package_identification:_identify(.) by extensions ['ignore', 'ignore_ament_install']
[0.254s] Level 1:colcon.colcon_core.package_identification:_identify(.) by extension 'ignore'
[0.254s] Level 1:colcon.colcon_core.package_identification:_identify(.) by extension 'ignore_ament_install'
[0.254s] Level 1:colcon.colcon_core.package_identification:_identify(.) by extensions ['colcon_pkg']
[0.254s] Level 1:colcon.colcon_core.package_identification:_identify(.) by extension 'colcon_pkg'
[0.254s] Level 1:colcon.colcon_core.package_identification:_identify(.) by extensions ['colcon_meta']
[0.254s] Level 1:colcon.colcon_core.package_identification:_identify(.) by extension 'colcon_meta'
[0.254s] Level 1:colcon.colcon_core.package_identification:_identify(.) by extensions ['ros']
[0.254s] Level 1:colcon.colcon_core.package_identification:_identify(.) by extension 'ros'
[0.266s] Level 1:colcon.colcon_core.package_identification:_identify(.) by extensions ['cmake', 'python']
[0.266s] Level 1:colcon.colcon_core.package_identification:_identify(.) by extension 'cmake'
[0.266s] Level 1:colcon.colcon_core.package_identification:_identify(.) by extension 'python'
[0.266s] Level 1:colcon.colcon_core.package_identification:_identify(.) by extensions ['python_setup_py']
[0.266s] Level 1:colcon.colcon_core.package_identification:_identify(.) by extension 'python_setup_py'
[0.266s] Level 1:colcon.colcon_core.package_identification:_identify(_l4c_generated) by extensions ['ignore', 'ignore_ament_install']
[0.266s] Level 1:colcon.colcon_core.package_identification:_identify(_l4c_generated) by extension 'ignore'
[0.266s] Level 1:colcon.colcon_core.package_identification:_identify(_l4c_generated) by extension 'ignore_ament_install'
[0.266s] Level 1:colcon.colcon_core.package_identification:_identify(_l4c_generated) by extensions ['colcon_pkg']
[0.267s] Level 1:colcon.colcon_core.package_identification:_identify(_l4c_generated) by extension 'colcon_pkg'
[0.267s] Level 1:colcon.colcon_core.package_identification:_identify(_l4c_generated) by extensions ['colcon_meta']
[0.267s] Level 1:colcon.colcon_core.package_identification:_identify(_l4c_generated) by extension 'colcon_meta'
[0.267s] Level 1:colcon.colcon_core.package_identification:_identify(_l4c_generated) by extensions ['ros']
[0.267s] Level 1:colcon.colcon_core.package_identification:_identify(_l4c_generated) by extension 'ros'
[0.267s] Level 1:colcon.colcon_core.package_identification:_identify(_l4c_generated) by extensions ['cmake', 'python']
[0.267s] Level 1:colcon.colcon_core.package_identification:_identify(_l4c_generated) by extension 'cmake'
[0.267s] Level 1:colcon.colcon_core.package_identification:_identify(_l4c_generated) by extension 'python'
[0.267s] Level 1:colcon.colcon_core.package_identification:_identify(_l4c_generated) by extensions ['python_setup_py']
[0.267s] Level 1:colcon.colcon_core.package_identification:_identify(_l4c_generated) by extension 'python_setup_py'
[0.267s] Level 1:colcon.colcon_core.package_identification:_identify(build) by extensions ['ignore', 'ignore_ament_install']
[0.267s] Level 1:colcon.colcon_core.package_identification:_identify(build) by extension 'ignore'
[0.267s] Level 1:colcon.colcon_core.package_identification:_identify(build) ignored
[0.267s] Level 1:colcon.colcon_core.package_identification:_identify(install) by extensions ['ignore', 'ignore_ament_install']
[0.267s] Level 1:colcon.colcon_core.package_identification:_identify(install) by extension 'ignore'
[0.267s] Level 1:colcon.colcon_core.package_identification:_identify(install) ignored
[0.267s] Level 1:colcon.colcon_core.package_identification:_identify(log) by extensions ['ignore', 'ignore_ament_install']
[0.267s] Level 1:colcon.colcon_core.package_identification:_identify(log) by extension 'ignore'
[0.267s] Level 1:colcon.colcon_core.package_identification:_identify(log) ignored
[0.267s] Level 1:colcon.colcon_core.package_identification:_identify(no_learning) by extensions ['ignore', 'ignore_ament_install']
[0.267s] Level 1:colcon.colcon_core.package_identification:_identify(no_learning) by extension 'ignore'
[0.268s] Level 1:colcon.colcon_core.package_identification:_identify(no_learning) by extension 'ignore_ament_install'
[0.268s] Level 1:colcon.colcon_core.package_identification:_identify(no_learning) by extensions ['colcon_pkg']
[0.268s] Level 1:colcon.colcon_core.package_identification:_identify(no_learning) by extension 'colcon_pkg'
[0.268s] Level 1:colcon.colcon_core.package_identification:_identify(no_learning) by extensions ['colcon_meta']
[0.268s] Level 1:colcon.colcon_core.package_identification:_identify(no_learning) by extension 'colcon_meta'
[0.268s] Level 1:colcon.colcon_core.package_identification:_identify(no_learning) by extensions ['ros']
[0.268s] Level 1:colcon.colcon_core.package_identification:_identify(no_learning) by extension 'ros'
[0.268s] Level 1:colcon.colcon_core.package_identification:_identify(no_learning) by extensions ['cmake', 'python']
[0.268s] Level 1:colcon.colcon_core.package_identification:_identify(no_learning) by extension 'cmake'
[0.268s] Level 1:colcon.colcon_core.package_identification:_identify(no_learning) by extension 'python'
[0.268s] Level 1:colcon.colcon_core.package_identification:_identify(no_learning) by extensions ['python_setup_py']
[0.268s] Level 1:colcon.colcon_core.package_identification:_identify(no_learning) by extension 'python_setup_py'
[0.268s] Level 1:colcon.colcon_core.package_identification:_identify(residual_learning) by extensions ['ignore', 'ignore_ament_install']
[0.268s] Level 1:colcon.colcon_core.package_identification:_identify(residual_learning) by extension 'ignore'
[0.268s] Level 1:colcon.colcon_core.package_identification:_identify(residual_learning) by extension 'ignore_ament_install'
[0.268s] Level 1:colcon.colcon_core.package_identification:_identify(residual_learning) by extensions ['colcon_pkg']
[0.268s] Level 1:colcon.colcon_core.package_identification:_identify(residual_learning) by extension 'colcon_pkg'
[0.268s] Level 1:colcon.colcon_core.package_identification:_identify(residual_learning) by extensions ['colcon_meta']
[0.268s] Level 1:colcon.colcon_core.package_identification:_identify(residual_learning) by extension 'colcon_meta'
[0.268s] Level 1:colcon.colcon_core.package_identification:_identify(residual_learning) by extensions ['ros']
[0.268s] Level 1:colcon.colcon_core.package_identification:_identify(residual_learning) by extension 'ros'
[0.268s] Level 1:colcon.colcon_core.package_identification:_identify(residual_learning) by extensions ['cmake', 'python']
[0.268s] Level 1:colcon.colcon_core.package_identification:_identify(residual_learning) by extension 'cmake'
[0.268s] Level 1:colcon.colcon_core.package_identification:_identify(residual_learning) by extension 'python'
[0.268s] Level 1:colcon.colcon_core.package_identification:_identify(residual_learning) by extensions ['python_setup_py']
[0.268s] Level 1:colcon.colcon_core.package_identification:_identify(residual_learning) by extension 'python_setup_py'
[0.268s] Level 1:colcon.colcon_core.package_identification:_identify(rosbag2_2024_05_21-17_56_35) by extensions ['ignore', 'ignore_ament_install']
[0.269s] Level 1:colcon.colcon_core.package_identification:_identify(rosbag2_2024_05_21-17_56_35) by extension 'ignore'
[0.269s] Level 1:colcon.colcon_core.package_identification:_identify(rosbag2_2024_05_21-17_56_35) by extension 'ignore_ament_install'
[0.269s] Level 1:colcon.colcon_core.package_identification:_identify(rosbag2_2024_05_21-17_56_35) by extensions ['colcon_pkg']
[0.269s] Level 1:colcon.colcon_core.package_identification:_identify(rosbag2_2024_05_21-17_56_35) by extension 'colcon_pkg'
[0.269s] Level 1:colcon.colcon_core.package_identification:_identify(rosbag2_2024_05_21-17_56_35) by extensions ['colcon_meta']
[0.269s] Level 1:colcon.colcon_core.package_identification:_identify(rosbag2_2024_05_21-17_56_35) by extension 'colcon_meta'
[0.269s] Level 1:colcon.colcon_core.package_identification:_identify(rosbag2_2024_05_21-17_56_35) by extensions ['ros']
[0.269s] Level 1:colcon.colcon_core.package_identification:_identify(rosbag2_2024_05_21-17_56_35) by extension 'ros'
[0.269s] Level 1:colcon.colcon_core.package_identification:_identify(rosbag2_2024_05_21-17_56_35) by extensions ['cmake', 'python']
[0.269s] Level 1:colcon.colcon_core.package_identification:_identify(rosbag2_2024_05_21-17_56_35) by extension 'cmake'
[0.269s] Level 1:colcon.colcon_core.package_identification:_identify(rosbag2_2024_05_21-17_56_35) by extension 'python'
[0.269s] Level 1:colcon.colcon_core.package_identification:_identify(rosbag2_2024_05_21-17_56_35) by extensions ['python_setup_py']
[0.269s] Level 1:colcon.colcon_core.package_identification:_identify(rosbag2_2024_05_21-17_56_35) by extension 'python_setup_py'
[0.269s] Level 1:colcon.colcon_core.package_identification:_identify(rosbag2_example_landing) by extensions ['ignore', 'ignore_ament_install']
[0.269s] Level 1:colcon.colcon_core.package_identification:_identify(rosbag2_example_landing) by extension 'ignore'
[0.269s] Level 1:colcon.colcon_core.package_identification:_identify(rosbag2_example_landing) by extension 'ignore_ament_install'
[0.269s] Level 1:colcon.colcon_core.package_identification:_identify(rosbag2_example_landing) by extensions ['colcon_pkg']
[0.269s] Level 1:colcon.colcon_core.package_identification:_identify(rosbag2_example_landing) by extension 'colcon_pkg'
[0.269s] Level 1:colcon.colcon_core.package_identification:_identify(rosbag2_example_landing) by extensions ['colcon_meta']
[0.269s] Level 1:colcon.colcon_core.package_identification:_identify(rosbag2_example_landing) by extension 'colcon_meta'
[0.269s] Level 1:colcon.colcon_core.package_identification:_identify(rosbag2_example_landing) by extensions ['ros']
[0.269s] Level 1:colcon.colcon_core.package_identification:_identify(rosbag2_example_landing) by extension 'ros'
[0.269s] Level 1:colcon.colcon_core.package_identification:_identify(rosbag2_example_landing) by extensions ['cmake', 'python']
[0.269s] Level 1:colcon.colcon_core.package_identification:_identify(rosbag2_example_landing) by extension 'cmake'
[0.269s] Level 1:colcon.colcon_core.package_identification:_identify(rosbag2_example_landing) by extension 'python'
[0.270s] Level 1:colcon.colcon_core.package_identification:_identify(rosbag2_example_landing) by extensions ['python_setup_py']
[0.270s] Level 1:colcon.colcon_core.package_identification:_identify(rosbag2_example_landing) by extension 'python_setup_py'
[0.270s] Level 1:colcon.colcon_core.package_identification:_identify(src) by extensions ['ignore', 'ignore_ament_install']
[0.270s] Level 1:colcon.colcon_core.package_identification:_identify(src) by extension 'ignore'
[0.270s] Level 1:colcon.colcon_core.package_identification:_identify(src) by extension 'ignore_ament_install'
[0.270s] Level 1:colcon.colcon_core.package_identification:_identify(src) by extensions ['colcon_pkg']
[0.270s] Level 1:colcon.colcon_core.package_identification:_identify(src) by extension 'colcon_pkg'
[0.270s] Level 1:colcon.colcon_core.package_identification:_identify(src) by extensions ['colcon_meta']
[0.270s] Level 1:colcon.colcon_core.package_identification:_identify(src) by extension 'colcon_meta'
[0.270s] Level 1:colcon.colcon_core.package_identification:_identify(src) by extensions ['ros']
[0.270s] Level 1:colcon.colcon_core.package_identification:_identify(src) by extension 'ros'
[0.270s] Level 1:colcon.colcon_core.package_identification:_identify(src) by extensions ['cmake', 'python']
[0.270s] Level 1:colcon.colcon_core.package_identification:_identify(src) by extension 'cmake'
[0.270s] Level 1:colcon.colcon_core.package_identification:_identify(src) by extension 'python'
[0.270s] Level 1:colcon.colcon_core.package_identification:_identify(src) by extensions ['python_setup_py']
[0.270s] Level 1:colcon.colcon_core.package_identification:_identify(src) by extension 'python_setup_py'
[0.270s] Level 1:colcon.colcon_core.package_identification:_identify(src/custom_msgs) by extensions ['ignore', 'ignore_ament_install']
[0.270s] Level 1:colcon.colcon_core.package_identification:_identify(src/custom_msgs) by extension 'ignore'
[0.270s] Level 1:colcon.colcon_core.package_identification:_identify(src/custom_msgs) by extension 'ignore_ament_install'
[0.270s] Level 1:colcon.colcon_core.package_identification:_identify(src/custom_msgs) by extensions ['colcon_pkg']
[0.270s] Level 1:colcon.colcon_core.package_identification:_identify(src/custom_msgs) by extension 'colcon_pkg'
[0.270s] Level 1:colcon.colcon_core.package_identification:_identify(src/custom_msgs) by extensions ['colcon_meta']
[0.270s] Level 1:colcon.colcon_core.package_identification:_identify(src/custom_msgs) by extension 'colcon_meta'
[0.270s] Level 1:colcon.colcon_core.package_identification:_identify(src/custom_msgs) by extensions ['ros']
[0.270s] Level 1:colcon.colcon_core.package_identification:_identify(src/custom_msgs) by extension 'ros'
[0.272s] DEBUG:colcon.colcon_core.package_identification:Package 'src/custom_msgs' with type 'ros.ament_cmake' and name 'custom_msgs'
[0.272s] Level 1:colcon.colcon_core.package_identification:_identify(src/morphing_lander) by extensions ['ignore', 'ignore_ament_install']
[0.272s] Level 1:colcon.colcon_core.package_identification:_identify(src/morphing_lander) by extension 'ignore'
[0.272s] Level 1:colcon.colcon_core.package_identification:_identify(src/morphing_lander) by extension 'ignore_ament_install'
[0.272s] Level 1:colcon.colcon_core.package_identification:_identify(src/morphing_lander) by extensions ['colcon_pkg']
[0.273s] Level 1:colcon.colcon_core.package_identification:_identify(src/morphing_lander) by extension 'colcon_pkg'
[0.273s] Level 1:colcon.colcon_core.package_identification:_identify(src/morphing_lander) by extensions ['colcon_meta']
[0.273s] Level 1:colcon.colcon_core.package_identification:_identify(src/morphing_lander) by extension 'colcon_meta'
[0.273s] Level 1:colcon.colcon_core.package_identification:_identify(src/morphing_lander) by extensions ['ros']
[0.273s] Level 1:colcon.colcon_core.package_identification:_identify(src/morphing_lander) by extension 'ros'
[0.273s] DEBUG:colcon.colcon_core.package_identification:Package 'src/morphing_lander' with type 'ros.ament_python' and name 'morphing_lander'
[0.273s] Level 1:colcon.colcon_core.package_identification:_identify(src/px4_msgs) by extensions ['ignore', 'ignore_ament_install']
[0.273s] Level 1:colcon.colcon_core.package_identification:_identify(src/px4_msgs) by extension 'ignore'
[0.273s] Level 1:colcon.colcon_core.package_identification:_identify(src/px4_msgs) by extension 'ignore_ament_install'
[0.273s] Level 1:colcon.colcon_core.package_identification:_identify(src/px4_msgs) by extensions ['colcon_pkg']
[0.273s] Level 1:colcon.colcon_core.package_identification:_identify(src/px4_msgs) by extension 'colcon_pkg'
[0.273s] Level 1:colcon.colcon_core.package_identification:_identify(src/px4_msgs) by extensions ['colcon_meta']
[0.274s] Level 1:colcon.colcon_core.package_identification:_identify(src/px4_msgs) by extension 'colcon_meta'
[0.274s] Level 1:colcon.colcon_core.package_identification:_identify(src/px4_msgs) by extensions ['ros']
[0.274s] Level 1:colcon.colcon_core.package_identification:_identify(src/px4_msgs) by extension 'ros'
[0.274s] DEBUG:colcon.colcon_core.package_identification:Package 'src/px4_msgs' with type 'ros.ament_cmake' and name 'px4_msgs'
[0.274s] Level 1:colcon.colcon_core.package_identification:_identify(src/roboclaw_reset) by extensions ['ignore', 'ignore_ament_install']
[0.274s] Level 1:colcon.colcon_core.package_identification:_identify(src/roboclaw_reset) by extension 'ignore'
[0.274s] Level 1:colcon.colcon_core.package_identification:_identify(src/roboclaw_reset) by extension 'ignore_ament_install'
[0.274s] Level 1:colcon.colcon_core.package_identification:_identify(src/roboclaw_reset) by extensions ['colcon_pkg']
[0.274s] Level 1:colcon.colcon_core.package_identification:_identify(src/roboclaw_reset) by extension 'colcon_pkg'
[0.274s] Level 1:colcon.colcon_core.package_identification:_identify(src/roboclaw_reset) by extensions ['colcon_meta']
[0.274s] Level 1:colcon.colcon_core.package_identification:_identify(src/roboclaw_reset) by extension 'colcon_meta'
[0.274s] Level 1:colcon.colcon_core.package_identification:_identify(src/roboclaw_reset) by extensions ['ros']
[0.274s] Level 1:colcon.colcon_core.package_identification:_identify(src/roboclaw_reset) by extension 'ros'
[0.275s] Level 1:colcon.colcon_core.package_identification:_identify(src/roboclaw_reset) by extensions ['cmake', 'python']
[0.275s] Level 1:colcon.colcon_core.package_identification:_identify(src/roboclaw_reset) by extension 'cmake'
[0.275s] Level 1:colcon.colcon_core.package_identification:_identify(src/roboclaw_reset) by extension 'python'
[0.275s] Level 1:colcon.colcon_core.package_identification:_identify(src/roboclaw_reset) by extensions ['python_setup_py']
[0.275s] Level 1:colcon.colcon_core.package_identification:_identify(src/roboclaw_reset) by extension 'python_setup_py'
[0.275s] Level 1:colcon.colcon_core.package_discovery:discover_packages(recursive) using defaults
[0.275s] Level 1:colcon.colcon_core.package_discovery:discover_packages(ignore) discover
[0.275s] Level 1:colcon.colcon_core.package_discovery:discover_packages(ignore) using defaults
[0.275s] Level 1:colcon.colcon_core.package_discovery:discover_packages(path) discover
[0.275s] Level 1:colcon.colcon_core.package_discovery:discover_packages(path) using defaults
[0.289s] INFO:colcon.colcon_core.package_selection:Skipping not selected package 'px4_msgs' in 'src/px4_msgs'
[0.290s] INFO:colcon.colcon_core.package_selection:Skipping not selected package 'morphing_lander' in 'src/morphing_lander'
[0.290s] Level 1:colcon.colcon_core.package_discovery:discover_packages(prefix_path) check parameters
[0.290s] Level 1:colcon.colcon_core.package_discovery:discover_packages(prefix_path) discover
[0.291s] WARNING:colcon.colcon_ros.prefix_path.ament:The path '/home/m4pc/m4v2-code/m4_ws/install/morphing_lander' in the environment variable AMENT_PREFIX_PATH doesn't exist
[0.291s] WARNING:colcon.colcon_ros.prefix_path.ament:The path '/home/m4pc/m4v2-code/m4_ws/install/px4_msgs' in the environment variable AMENT_PREFIX_PATH doesn't exist
[0.291s] WARNING:colcon.colcon_ros.prefix_path.ament:The path '/home/m4pc/m4v2-code/m4_ws/install/custom_msgs' in the environment variable AMENT_PREFIX_PATH doesn't exist
[0.291s] WARNING:colcon.colcon_ros.prefix_path.catkin:The path '/home/m4pc/m4v2-code/m4_ws/install/px4_msgs' in the environment variable CMAKE_PREFIX_PATH doesn't exist
[0.291s] WARNING:colcon.colcon_ros.prefix_path.catkin:The path '/home/m4pc/m4v2-code/m4_ws/install/custom_msgs' in the environment variable CMAKE_PREFIX_PATH doesn't exist
[0.291s] DEBUG:colcon.colcon_installed_package_information.package_discovery:Found 0 installed packages in /home/m4pc/m4v2-code/m4_ws/install
[0.292s] DEBUG:colcon.colcon_installed_package_information.package_discovery:Found 266 installed packages in /opt/ros/foxy
[0.294s] Level 1:colcon.colcon_core.package_discovery:discover_packages(prefix_path) using defaults
[0.335s] Level 5:colcon.colcon_core.verb:set package 'custom_msgs' build argument 'cmake_args' from command line to 'None'
[0.335s] Level 5:colcon.colcon_core.verb:set package 'custom_msgs' build argument 'cmake_target' from command line to 'None'
[0.335s] Level 5:colcon.colcon_core.verb:set package 'custom_msgs' build argument 'cmake_target_skip_unavailable' from command line to 'False'
[0.335s] Level 5:colcon.colcon_core.verb:set package 'custom_msgs' build argument 'cmake_clean_cache' from command line to 'False'
[0.335s] Level 5:colcon.colcon_core.verb:set package 'custom_msgs' build argument 'cmake_clean_first' from command line to 'False'
[0.335s] Level 5:colcon.colcon_core.verb:set package 'custom_msgs' build argument 'cmake_force_configure' from command line to 'False'
[0.335s] Level 5:colcon.colcon_core.verb:set package 'custom_msgs' build argument 'ament_cmake_args' from command line to 'None'
[0.335s] Level 5:colcon.colcon_core.verb:set package 'custom_msgs' build argument 'catkin_cmake_args' from command line to 'None'
[0.335s] Level 5:colcon.colcon_core.verb:set package 'custom_msgs' build argument 'catkin_skip_building_tests' from command line to 'False'
[0.335s] DEBUG:colcon.colcon_core.verb:Building package 'custom_msgs' with the following arguments: {'ament_cmake_args': None, 'build_base': '/home/m4pc/m4v2-code/m4_ws/build/custom_msgs', 'catkin_cmake_args': None, 'catkin_skip_building_tests': False, 'cmake_args': None, 'cmake_clean_cache': False, 'cmake_clean_first': False, 'cmake_force_configure': False, 'cmake_target': None, 'cmake_target_skip_unavailable': False, 'install_base': '/home/m4pc/m4v2-code/m4_ws/install/custom_msgs', 'merge_install': False, 'path': '/home/m4pc/m4v2-code/m4_ws/src/custom_msgs', 'symlink_install': False, 'test_result_base': None}
[0.336s] INFO:colcon.colcon_core.executor:Executing jobs using 'parallel' executor
[0.337s] DEBUG:colcon.colcon_parallel_executor.executor.parallel:run_until_complete
[0.337s] INFO:colcon.colcon_ros.task.ament_cmake.build:Building ROS package in '/home/m4pc/m4v2-code/m4_ws/src/custom_msgs' with build type 'ament_cmake'
[0.337s] INFO:colcon.colcon_cmake.task.cmake.build:Building CMake package in '/home/m4pc/m4v2-code/m4_ws/src/custom_msgs'
[0.338s] INFO:colcon.colcon_core.plugin_system:Skipping extension 'colcon_core.shell.bat': Not used on non-Windows systems
[0.339s] INFO:colcon.colcon_core.shell:Skip shell extension 'powershell' for command environment: Not usable outside of PowerShell
[0.339s] DEBUG:colcon.colcon_core.shell:Skip shell extension 'dsv' for command environment
[0.346s] DEBUG:colcon.colcon_core.event_handler.log_command:Invoking command in '/home/m4pc/m4v2-code/m4_ws/build/custom_msgs': CMAKE_PREFIX_PATH=${CMAKE_PREFIX_PATH}:/home/m4pc/m4v2-code/m4_ws/install/morphing_lander:/opt/ros/foxy /home/m4pc/.local/bin/cmake /home/m4pc/m4v2-code/m4_ws/src/custom_msgs -DCMAKE_INSTALL_PREFIX=/home/m4pc/m4v2-code/m4_ws/install/custom_msgs
[1.512s] DEBUG:colcon.colcon_core.event_handler.log_command:Invoked command in '/home/m4pc/m4v2-code/m4_ws/build/custom_msgs' returned '0': CMAKE_PREFIX_PATH=${CMAKE_PREFIX_PATH}:/home/m4pc/m4v2-code/m4_ws/install/morphing_lander:/opt/ros/foxy /home/m4pc/.local/bin/cmake /home/m4pc/m4v2-code/m4_ws/src/custom_msgs -DCMAKE_INSTALL_PREFIX=/home/m4pc/m4v2-code/m4_ws/install/custom_msgs
[1.514s] DEBUG:colcon.colcon_core.event_handler.log_command:Invoking command in '/home/m4pc/m4v2-code/m4_ws/build/custom_msgs': CMAKE_PREFIX_PATH=${CMAKE_PREFIX_PATH}:/home/m4pc/m4v2-code/m4_ws/install/morphing_lander:/opt/ros/foxy /home/m4pc/.local/bin/cmake --build /home/m4pc/m4v2-code/m4_ws/build/custom_msgs -- -j12 -l12
[3.253s] DEBUG:colcon.colcon_core.event_handler.log_command:Invoked command in '/home/m4pc/m4v2-code/m4_ws/build/custom_msgs' returned '0': CMAKE_PREFIX_PATH=${CMAKE_PREFIX_PATH}:/home/m4pc/m4v2-code/m4_ws/install/morphing_lander:/opt/ros/foxy /home/m4pc/.local/bin/cmake --build /home/m4pc/m4v2-code/m4_ws/build/custom_msgs -- -j12 -l12
[3.402s] DEBUG:colcon.colcon_core.event_handler.log_command:Invoking command in '/home/m4pc/m4v2-code/m4_ws/build/custom_msgs': CMAKE_PREFIX_PATH=${CMAKE_PREFIX_PATH}:/home/m4pc/m4v2-code/m4_ws/install/morphing_lander:/opt/ros/foxy /home/m4pc/.local/bin/cmake --install /home/m4pc/m4v2-code/m4_ws/build/custom_msgs
[3.496s] Level 1:colcon.colcon_core.environment:create_environment_scripts_only(custom_msgs)
[3.496s] DEBUG:colcon.colcon_core.event_handler.log_command:Invoked command in '/home/m4pc/m4v2-code/m4_ws/build/custom_msgs' returned '0': CMAKE_PREFIX_PATH=${CMAKE_PREFIX_PATH}:/home/m4pc/m4v2-code/m4_ws/install/morphing_lander:/opt/ros/foxy /home/m4pc/.local/bin/cmake --install /home/m4pc/m4v2-code/m4_ws/build/custom_msgs
[3.498s] Level 1:colcon.colcon_core.environment:checking '/home/m4pc/m4v2-code/m4_ws/install/custom_msgs' for CMake module files
[3.499s] Level 1:colcon.colcon_core.environment:checking '/home/m4pc/m4v2-code/m4_ws/install/custom_msgs' for CMake config files
[3.499s] Level 1:colcon.colcon_core.shell:create_environment_hook('custom_msgs', 'cmake_prefix_path')
[3.499s] INFO:colcon.colcon_core.shell:Creating environment hook '/home/m4pc/m4v2-code/m4_ws/install/custom_msgs/share/custom_msgs/hook/cmake_prefix_path.ps1'
[3.500s] INFO:colcon.colcon_core.shell:Creating environment descriptor '/home/m4pc/m4v2-code/m4_ws/install/custom_msgs/share/custom_msgs/hook/cmake_prefix_path.dsv'
[3.500s] INFO:colcon.colcon_core.shell:Creating environment hook '/home/m4pc/m4v2-code/m4_ws/install/custom_msgs/share/custom_msgs/hook/cmake_prefix_path.sh'
[3.500s] Level 1:colcon.colcon_core.environment:checking '/home/m4pc/m4v2-code/m4_ws/install/custom_msgs/lib'
[3.501s] Level 1:colcon.colcon_core.shell:create_environment_hook('custom_msgs', 'ld_library_path_lib')
[3.501s] INFO:colcon.colcon_core.shell:Creating environment hook '/home/m4pc/m4v2-code/m4_ws/install/custom_msgs/share/custom_msgs/hook/ld_library_path_lib.ps1'
[3.501s] INFO:colcon.colcon_core.shell:Creating environment descriptor '/home/m4pc/m4v2-code/m4_ws/install/custom_msgs/share/custom_msgs/hook/ld_library_path_lib.dsv'
[3.501s] INFO:colcon.colcon_core.shell:Creating environment hook '/home/m4pc/m4v2-code/m4_ws/install/custom_msgs/share/custom_msgs/hook/ld_library_path_lib.sh'
[3.501s] Level 1:colcon.colcon_core.environment:checking '/home/m4pc/m4v2-code/m4_ws/install/custom_msgs/bin'
[3.501s] Level 1:colcon.colcon_core.environment:checking '/home/m4pc/m4v2-code/m4_ws/install/custom_msgs/lib/pkgconfig/custom_msgs.pc'
[3.502s] Level 1:colcon.colcon_core.environment:checking '/home/m4pc/m4v2-code/m4_ws/install/custom_msgs/lib/python3.8/site-packages'
[3.502s] Level 1:colcon.colcon_core.shell:create_environment_hook('custom_msgs', 'pythonpath')
[3.502s] INFO:colcon.colcon_core.shell:Creating environment hook '/home/m4pc/m4v2-code/m4_ws/install/custom_msgs/share/custom_msgs/hook/pythonpath.ps1'
[3.502s] INFO:colcon.colcon_core.shell:Creating environment descriptor '/home/m4pc/m4v2-code/m4_ws/install/custom_msgs/share/custom_msgs/hook/pythonpath.dsv'
[3.502s] INFO:colcon.colcon_core.shell:Creating environment hook '/home/m4pc/m4v2-code/m4_ws/install/custom_msgs/share/custom_msgs/hook/pythonpath.sh'
[3.503s] Level 1:colcon.colcon_core.environment:checking '/home/m4pc/m4v2-code/m4_ws/install/custom_msgs/bin'
[3.503s] INFO:colcon.colcon_core.shell:Creating package script '/home/m4pc/m4v2-code/m4_ws/install/custom_msgs/share/custom_msgs/package.ps1'
[3.503s] INFO:colcon.colcon_core.shell:Creating package descriptor '/home/m4pc/m4v2-code/m4_ws/install/custom_msgs/share/custom_msgs/package.dsv'
[3.504s] INFO:colcon.colcon_core.shell:Creating package script '/home/m4pc/m4v2-code/m4_ws/install/custom_msgs/share/custom_msgs/package.sh'
[3.504s] INFO:colcon.colcon_core.shell:Creating package script '/home/m4pc/m4v2-code/m4_ws/install/custom_msgs/share/custom_msgs/package.bash'
[3.505s] INFO:colcon.colcon_core.shell:Creating package script '/home/m4pc/m4v2-code/m4_ws/install/custom_msgs/share/custom_msgs/package.zsh'
[3.506s] Level 1:colcon.colcon_core.environment:create_file_with_runtime_dependencies(/home/m4pc/m4v2-code/m4_ws/install/custom_msgs/share/colcon-core/packages/custom_msgs)
[3.599s] Level 1:colcon.colcon_core.environment:create_environment_scripts_only(custom_msgs)
[3.599s] Level 1:colcon.colcon_core.environment:checking '/home/m4pc/m4v2-code/m4_ws/install/custom_msgs' for CMake module files
[3.600s] Level 1:colcon.colcon_core.environment:checking '/home/m4pc/m4v2-code/m4_ws/install/custom_msgs' for CMake config files
[3.600s] Level 1:colcon.colcon_core.shell:create_environment_hook('custom_msgs', 'cmake_prefix_path')
[3.600s] INFO:colcon.colcon_core.shell:Creating environment hook '/home/m4pc/m4v2-code/m4_ws/install/custom_msgs/share/custom_msgs/hook/cmake_prefix_path.ps1'
[3.601s] INFO:colcon.colcon_core.shell:Creating environment descriptor '/home/m4pc/m4v2-code/m4_ws/install/custom_msgs/share/custom_msgs/hook/cmake_prefix_path.dsv'
[3.601s] INFO:colcon.colcon_core.shell:Creating environment hook '/home/m4pc/m4v2-code/m4_ws/install/custom_msgs/share/custom_msgs/hook/cmake_prefix_path.sh'
[3.601s] Level 1:colcon.colcon_core.environment:checking '/home/m4pc/m4v2-code/m4_ws/install/custom_msgs/lib'
[3.601s] Level 1:colcon.colcon_core.shell:create_environment_hook('custom_msgs', 'ld_library_path_lib')
[3.601s] INFO:colcon.colcon_core.shell:Creating environment hook '/home/m4pc/m4v2-code/m4_ws/install/custom_msgs/share/custom_msgs/hook/ld_library_path_lib.ps1'
[3.602s] INFO:colcon.colcon_core.shell:Creating environment descriptor '/home/m4pc/m4v2-code/m4_ws/install/custom_msgs/share/custom_msgs/hook/ld_library_path_lib.dsv'
[3.602s] INFO:colcon.colcon_core.shell:Creating environment hook '/home/m4pc/m4v2-code/m4_ws/install/custom_msgs/share/custom_msgs/hook/ld_library_path_lib.sh'
[3.602s] Level 1:colcon.colcon_core.environment:checking '/home/m4pc/m4v2-code/m4_ws/install/custom_msgs/bin'
[3.602s] Level 1:colcon.colcon_core.environment:checking '/home/m4pc/m4v2-code/m4_ws/install/custom_msgs/lib/pkgconfig/custom_msgs.pc'
[3.602s] Level 1:colcon.colcon_core.environment:checking '/home/m4pc/m4v2-code/m4_ws/install/custom_msgs/lib/python3.8/site-packages'
[3.602s] Level 1:colcon.colcon_core.shell:create_environment_hook('custom_msgs', 'pythonpath')
[3.603s] INFO:colcon.colcon_core.shell:Creating environment hook '/home/m4pc/m4v2-code/m4_ws/install/custom_msgs/share/custom_msgs/hook/pythonpath.ps1'
[3.603s] INFO:colcon.colcon_core.shell:Creating environment descriptor '/home/m4pc/m4v2-code/m4_ws/install/custom_msgs/share/custom_msgs/hook/pythonpath.dsv'
[3.603s] INFO:colcon.colcon_core.shell:Creating environment hook '/home/m4pc/m4v2-code/m4_ws/install/custom_msgs/share/custom_msgs/hook/pythonpath.sh'
[3.603s] Level 1:colcon.colcon_core.environment:checking '/home/m4pc/m4v2-code/m4_ws/install/custom_msgs/bin'
[3.604s] INFO:colcon.colcon_core.shell:Creating package script '/home/m4pc/m4v2-code/m4_ws/install/custom_msgs/share/custom_msgs/package.ps1'
[3.604s] INFO:colcon.colcon_core.shell:Creating package descriptor '/home/m4pc/m4v2-code/m4_ws/install/custom_msgs/share/custom_msgs/package.dsv'
[3.605s] INFO:colcon.colcon_core.shell:Creating package script '/home/m4pc/m4v2-code/m4_ws/install/custom_msgs/share/custom_msgs/package.sh'
[3.605s] INFO:colcon.colcon_core.shell:Creating package script '/home/m4pc/m4v2-code/m4_ws/install/custom_msgs/share/custom_msgs/package.bash'
[3.605s] INFO:colcon.colcon_core.shell:Creating package script '/home/m4pc/m4v2-code/m4_ws/install/custom_msgs/share/custom_msgs/package.zsh'
[3.605s] Level 1:colcon.colcon_core.environment:create_file_with_runtime_dependencies(/home/m4pc/m4v2-code/m4_ws/install/custom_msgs/share/colcon-core/packages/custom_msgs)
[3.606s] DEBUG:colcon.colcon_parallel_executor.executor.parallel:closing loop
[3.606s] DEBUG:colcon.colcon_parallel_executor.executor.parallel:loop closed
[3.606s] DEBUG:colcon.colcon_parallel_executor.executor.parallel:run_until_complete finished with '0'
[3.606s] DEBUG:colcon.colcon_core.event_reactor:joining thread
[3.618s] INFO:colcon.colcon_core.plugin_system:Skipping extension 'colcon_notification.desktop_notification.terminal_notifier': Not used on non-Darwin systems
[3.618s] INFO:colcon.colcon_core.plugin_system:Skipping extension 'colcon_notification.desktop_notification.win32': Not used on non-Windows systems
[3.618s] INFO:colcon.colcon_notification.desktop_notification:Sending desktop notification using 'notify2'
[3.626s] DEBUG:colcon.colcon_core.event_reactor:joined thread
[3.627s] INFO:colcon.colcon_core.shell:Creating prefix script '/home/m4pc/m4v2-code/m4_ws/install/local_setup.ps1'
[3.627s] INFO:colcon.colcon_core.shell:Creating prefix util module '/home/m4pc/m4v2-code/m4_ws/install/_local_setup_util_ps1.py'
[3.629s] INFO:colcon.colcon_core.shell:Creating prefix chain script '/home/m4pc/m4v2-code/m4_ws/install/setup.ps1'
[3.630s] INFO:colcon.colcon_core.shell:Creating prefix script '/home/m4pc/m4v2-code/m4_ws/install/local_setup.sh'
[3.630s] INFO:colcon.colcon_core.shell:Creating prefix util module '/home/m4pc/m4v2-code/m4_ws/install/_local_setup_util_sh.py'
[3.631s] INFO:colcon.colcon_core.shell:Creating prefix chain script '/home/m4pc/m4v2-code/m4_ws/install/setup.sh'
[3.632s] INFO:colcon.colcon_core.shell:Creating prefix script '/home/m4pc/m4v2-code/m4_ws/install/local_setup.bash'
[3.632s] INFO:colcon.colcon_core.shell:Creating prefix chain script '/home/m4pc/m4v2-code/m4_ws/install/setup.bash'
[3.633s] INFO:colcon.colcon_core.shell:Creating prefix script '/home/m4pc/m4v2-code/m4_ws/install/local_setup.zsh'
[3.633s] INFO:colcon.colcon_core.shell:Creating prefix chain script '/home/m4pc/m4v2-code/m4_ws/install/setup.zsh'
