[0.009s] Invoking command in '/home/m4pc/m4v2-code/m4_ws/build/custom_msgs': CMAKE_PREFIX_PATH=${CMAKE_PREFIX_PATH}:/home/m4pc/m4v2-code/m4_ws/install/morphing_lander:/opt/ros/foxy /home/m4pc/.local/bin/cmake /home/m4pc/m4v2-code/m4_ws/src/custom_msgs -DCMAKE_INSTALL_PREFIX=/home/m4pc/m4v2-code/m4_ws/install/custom_msgs
[0.092s] -- The C compiler identification is GNU 9.4.0
[0.135s] -- The CXX compiler identification is GNU 9.4.0
[0.144s] -- Detecting C compiler ABI info
[0.173s] -- Detecting C compiler ABI info - done
[0.186s] -- Check for working C compiler: /usr/lib/ccache/cc - skipped
[0.186s] -- Detecting C compile features
[0.186s] -- Detecting C compile features - done
[0.190s] -- Detecting CXX compiler ABI info
[0.226s] -- Detecting CXX compiler ABI info - done
[0.240s] -- Check for working CXX compiler: /usr/lib/ccache/c++ - skipped
[0.240s] -- Detecting CXX compile features
[0.240s] -- Detecting CXX compile features - done
[0.242s] -- Found ament_cmake: 0.9.12 (/opt/ros/foxy/share/ament_cmake/cmake)
[0.244s] [33mCMake Warning (dev) at /opt/ros/foxy/share/ament_cmake_core/cmake/core/python.cmake:22 (find_package):
[0.244s]   Policy CMP0148 is not set: The FindPythonInterp and FindPythonLibs modules
[0.244s]   are removed.  Run "cmake --help-policy CMP0148" for policy details.  Use
[0.244s]   the cmake_policy command to set the policy and suppress this warning.
[0.245s] 
[0.245s] Call Stack (most recent call first):
[0.245s]   /opt/ros/foxy/share/ament_cmake_core/cmake/core/all.cmake:53 (include)
[0.245s]   /opt/ros/foxy/share/ament_cmake_core/cmake/ament_cmake_core-extras.cmake:17 (include)
[0.245s]   /opt/ros/foxy/share/ament_cmake_core/cmake/ament_cmake_coreConfig.cmake:41 (include)
[0.245s]   /opt/ros/foxy/share/ament_cmake/cmake/ament_cmake_export_dependencies-extras.cmake:15 (find_package)
[0.245s]   /opt/ros/foxy/share/ament_cmake/cmake/ament_cmakeConfig.cmake:41 (include)
[0.245s]   CMakeLists.txt:10 (find_package)
[0.245s] This warning is for project developers.  Use -Wno-dev to suppress it.
[0.245s] [0m
[0.266s] -- Found PythonInterp: /usr/bin/python3 (found suitable version "3.8.10", minimum required is "3")
[0.266s] -- Using PYTHON_EXECUTABLE: /usr/bin/python3
[0.452s] -- Found rosidl_default_generators: 1.0.1 (/opt/ros/foxy/share/rosidl_default_generators/cmake)
[0.455s] -- Using all available rosidl_typesupport_c: rosidl_typesupport_fastrtps_c;rosidl_typesupport_introspection_c
[0.460s] -- Found rosidl_adapter: 1.3.1 (/opt/ros/foxy/share/rosidl_adapter/cmake)
[0.541s] -- Found OpenSSL: /usr/lib/x86_64-linux-gnu/libcrypto.so (found version "1.1.1f")
[0.584s] -- Found FastRTPS: /opt/ros/foxy/include
[0.691s] -- Using all available rosidl_typesupport_cpp: rosidl_typesupport_fastrtps_cpp;rosidl_typesupport_introspection_cpp
[0.725s] [33mCMake Warning (dev) at /opt/ros/foxy/share/rosidl_adapter/cmake/rosidl_adapt_interfaces.cmake:40 (find_package):
[0.725s]   Policy CMP0148 is not set: The FindPythonInterp and FindPythonLibs modules
[0.725s]   are removed.  Run "cmake --help-policy CMP0148" for policy details.  Use
[0.725s]   the cmake_policy command to set the policy and suppress this warning.
[0.725s] 
[0.725s] Call Stack (most recent call first):
[0.725s]   /opt/ros/foxy/share/rosidl_cmake/cmake/rosidl_generate_interfaces.cmake:130 (rosidl_adapt_interfaces)
[0.725s]   CMakeLists.txt:14 (rosidl_generate_interfaces)
[0.725s] This warning is for project developers.  Use -Wno-dev to suppress it.
[0.725s] [0m
[0.746s] -- Found PythonInterp: /usr/bin/python3 (found version "3.8.10")
[0.849s] -- Found ament_cmake_ros: 0.9.2 (/opt/ros/foxy/share/ament_cmake_ros/cmake)
[0.929s] -- Using all available rosidl_typesupport_c: rosidl_typesupport_fastrtps_c;rosidl_typesupport_introspection_c
[0.934s] -- Using all available rosidl_typesupport_cpp: rosidl_typesupport_fastrtps_cpp;rosidl_typesupport_introspection_cpp
[0.937s] [33mCMake Warning (dev) at /opt/ros/foxy/share/rosidl_generator_py/cmake/rosidl_generator_py_generate_interfaces.cmake:20 (find_package):
[0.937s]   Policy CMP0148 is not set: The FindPythonInterp and FindPythonLibs modules
[0.937s]   are removed.  Run "cmake --help-policy CMP0148" for policy details.  Use
[0.937s]   the cmake_policy command to set the policy and suppress this warning.
[0.937s] 
[0.937s] Call Stack (most recent call first):
[0.937s]   /opt/ros/foxy/share/ament_cmake_core/cmake/core/ament_execute_extensions.cmake:48 (include)
[0.937s]   /opt/ros/foxy/share/rosidl_cmake/cmake/rosidl_generate_interfaces.cmake:286 (ament_execute_extensions)
[0.937s]   CMakeLists.txt:14 (rosidl_generate_interfaces)
[0.937s] This warning is for project developers.  Use -Wno-dev to suppress it.
[0.937s] [0m
[0.958s] -- Found PythonInterp: /usr/bin/python3 (found suitable version "3.8.10", minimum required is "3.5")
[0.958s] -- Found python_cmake_module: 0.8.1 (/opt/ros/foxy/share/python_cmake_module/cmake)
[0.959s] [33mCMake Warning (dev) at /opt/ros/foxy/share/python_cmake_module/cmake/Modules/FindPythonExtra.cmake:45 (find_package):
[0.959s]   Policy CMP0148 is not set: The FindPythonInterp and FindPythonLibs modules
[0.959s]   are removed.  Run "cmake --help-policy CMP0148" for policy details.  Use
[0.959s]   the cmake_policy command to set the policy and suppress this warning.
[0.959s] 
[0.959s] Call Stack (most recent call first):
[0.959s]   /opt/ros/foxy/share/rosidl_generator_py/cmake/rosidl_generator_py_generate_interfaces.cmake:23 (find_package)
[0.959s]   /opt/ros/foxy/share/ament_cmake_core/cmake/core/ament_execute_extensions.cmake:48 (include)
[0.959s]   /opt/ros/foxy/share/rosidl_cmake/cmake/rosidl_generate_interfaces.cmake:286 (ament_execute_extensions)
[0.959s]   CMakeLists.txt:14 (rosidl_generate_interfaces)
[0.959s] This warning is for project developers.  Use -Wno-dev to suppress it.
[0.959s] [0m
[0.980s] [33mCMake Warning (dev) at /opt/ros/foxy/share/python_cmake_module/cmake/Modules/FindPythonExtra.cmake:133 (find_package):
[0.980s]   Policy CMP0148 is not set: The FindPythonInterp and FindPythonLibs modules
[0.980s]   are removed.  Run "cmake --help-policy CMP0148" for policy details.  Use
[0.980s]   the cmake_policy command to set the policy and suppress this warning.
[0.980s] 
[0.981s] Call Stack (most recent call first):
[0.981s]   /opt/ros/foxy/share/rosidl_generator_py/cmake/rosidl_generator_py_generate_interfaces.cmake:23 (find_package)
[0.981s]   /opt/ros/foxy/share/ament_cmake_core/cmake/core/ament_execute_extensions.cmake:48 (include)
[0.981s]   /opt/ros/foxy/share/rosidl_cmake/cmake/rosidl_generate_interfaces.cmake:286 (ament_execute_extensions)
[0.981s]   CMakeLists.txt:14 (rosidl_generate_interfaces)
[0.981s] This warning is for project developers.  Use -Wno-dev to suppress it.
[0.981s] [0m
[0.986s] -- Found PythonLibs: /usr/lib/x86_64-linux-gnu/libpython3.8.so (found suitable version "3.8.10", minimum required is "3.5")
[0.986s] -- Using PYTHON_EXECUTABLE: /usr/bin/python3
[0.986s] -- Using PYTHON_INCLUDE_DIRS: /usr/include/python3.8
[0.986s] -- Using PYTHON_LIBRARIES: /usr/lib/x86_64-linux-gnu/libpython3.8.so
[1.010s] -- Found PythonExtra: .so
[1.131s] -- Configuring done (1.1s)
[1.157s] -- Generating done (0.0s)
[1.159s] -- Build files have been written to: /home/m4pc/m4v2-code/m4_ws/build/custom_msgs
[1.175s] Invoked command in '/home/m4pc/m4v2-code/m4_ws/build/custom_msgs' returned '0': CMAKE_PREFIX_PATH=${CMAKE_PREFIX_PATH}:/home/m4pc/m4v2-code/m4_ws/install/morphing_lander:/opt/ros/foxy /home/m4pc/.local/bin/cmake /home/m4pc/m4v2-code/m4_ws/src/custom_msgs -DCMAKE_INSTALL_PREFIX=/home/m4pc/m4v2-code/m4_ws/install/custom_msgs
[1.177s] Invoking command in '/home/m4pc/m4v2-code/m4_ws/build/custom_msgs': CMAKE_PREFIX_PATH=${CMAKE_PREFIX_PATH}:/home/m4pc/m4v2-code/m4_ws/install/morphing_lander:/opt/ros/foxy /home/m4pc/.local/bin/cmake --build /home/m4pc/m4v2-code/m4_ws/build/custom_msgs -- -j12 -l12
[1.237s] [  2%] [34m[1mGenerating C code for ROS interfaces[0m
[1.240s] [  4%] [34m[1mGenerating C++ code for ROS interfaces[0m
[1.528s] [  4%] Built target custom_msgs__cpp
[1.531s] [ 10%] [34m[1mGenerating C++ type support for eProsima Fast-RTPS[0m
[1.531s] [ 10%] [34m[1mGenerating C++ introspection for ROS interfaces[0m
[1.531s] [ 10%] [34m[1mGenerating C++ type support dispatch for ROS interfaces[0m
[1.555s] [ 17%] [32mBuilding C object CMakeFiles/custom_msgs__rosidl_generator_c.dir/rosidl_generator_c/custom_msgs/msg/detail/mpc_status__functions.c.o[0m
[1.555s] [ 17%] [32mBuilding C object CMakeFiles/custom_msgs__rosidl_generator_c.dir/rosidl_generator_c/custom_msgs/msg/detail/mpc_status_old__functions.c.o[0m
[1.555s] [ 17%] [32mBuilding C object CMakeFiles/custom_msgs__rosidl_generator_c.dir/rosidl_generator_c/custom_msgs/msg/detail/tilt_vel__functions.c.o[0m
[1.559s] [ 19%] [32m[1mLinking C shared library libcustom_msgs__rosidl_generator_c.so[0m
[1.578s] [ 19%] Built target custom_msgs__rosidl_generator_c
[1.581s] [ 23%] [34m[1mGenerating C type support dispatch for ROS interfaces[0m
[1.582s] [ 23%] [34m[1mGenerating C introspection for ROS interfaces[0m
[1.859s] [ 25%] [32mBuilding CXX object CMakeFiles/custom_msgs__rosidl_typesupport_c.dir/rosidl_typesupport_c/custom_msgs/msg/mpc_status__type_support.cpp.o[0m
[1.859s] [ 29%] [32mBuilding CXX object CMakeFiles/custom_msgs__rosidl_typesupport_c.dir/rosidl_typesupport_c/custom_msgs/msg/tilt_vel__type_support.cpp.o[0m
[1.859s] [ 29%] [32mBuilding CXX object CMakeFiles/custom_msgs__rosidl_typesupport_c.dir/rosidl_typesupport_c/custom_msgs/msg/mpc_status_old__type_support.cpp.o[0m
[1.864s] [ 31%] [32m[1mLinking CXX shared library libcustom_msgs__rosidl_typesupport_c.so[0m
[1.884s] [ 38%] [32mBuilding CXX object CMakeFiles/custom_msgs__rosidl_typesupport_fastrtps_cpp.dir/rosidl_typesupport_fastrtps_cpp/custom_msgs/msg/detail/dds_fastrtps/mpc_status__type_support.cpp.o[0m
[1.885s] [ 38%] [32mBuilding CXX object CMakeFiles/custom_msgs__rosidl_typesupport_fastrtps_cpp.dir/rosidl_typesupport_fastrtps_cpp/custom_msgs/msg/detail/dds_fastrtps/mpc_status_old__type_support.cpp.o[0m
[1.885s] [ 38%] [32mBuilding CXX object CMakeFiles/custom_msgs__rosidl_typesupport_fastrtps_cpp.dir/rosidl_typesupport_fastrtps_cpp/custom_msgs/msg/detail/dds_fastrtps/tilt_vel__type_support.cpp.o[0m
[1.889s] [ 38%] Built target custom_msgs__rosidl_typesupport_c
[1.895s] [ 40%] [32m[1mLinking CXX shared library libcustom_msgs__rosidl_typesupport_fastrtps_cpp.so[0m
[1.901s] [ 44%] [32mBuilding C object CMakeFiles/custom_msgs__rosidl_typesupport_introspection_c.dir/rosidl_typesupport_introspection_c/custom_msgs/msg/detail/tilt_vel__type_support.c.o[0m
[1.901s] [ 44%] [32mBuilding C object CMakeFiles/custom_msgs__rosidl_typesupport_introspection_c.dir/rosidl_typesupport_introspection_c/custom_msgs/msg/detail/mpc_status_old__type_support.c.o[0m
[1.901s] [ 46%] [32mBuilding C object CMakeFiles/custom_msgs__rosidl_typesupport_introspection_c.dir/rosidl_typesupport_introspection_c/custom_msgs/msg/detail/mpc_status__type_support.c.o[0m
[1.905s] [ 48%] [32m[1mLinking C shared library libcustom_msgs__rosidl_typesupport_introspection_c.so[0m
[1.920s] [ 48%] Built target custom_msgs__rosidl_typesupport_introspection_c
[1.925s] [ 55%] [32mBuilding CXX object CMakeFiles/custom_msgs__rosidl_typesupport_cpp.dir/rosidl_typesupport_cpp/custom_msgs/msg/tilt_vel__type_support.cpp.o[0m
[1.926s] [ 55%] [32mBuilding CXX object CMakeFiles/custom_msgs__rosidl_typesupport_cpp.dir/rosidl_typesupport_cpp/custom_msgs/msg/mpc_status_old__type_support.cpp.o[0m
[1.926s] [ 55%] [32mBuilding CXX object CMakeFiles/custom_msgs__rosidl_typesupport_cpp.dir/rosidl_typesupport_cpp/custom_msgs/msg/mpc_status__type_support.cpp.o[0m
[1.934s] [ 57%] [32m[1mLinking CXX shared library libcustom_msgs__rosidl_typesupport_cpp.so[0m
[1.954s] [ 63%] [32mBuilding CXX object CMakeFiles/custom_msgs__rosidl_typesupport_introspection_cpp.dir/rosidl_typesupport_introspection_cpp/custom_msgs/msg/detail/mpc_status__type_support.cpp.o[0m
[1.954s] [ 63%] [32mBuilding CXX object CMakeFiles/custom_msgs__rosidl_typesupport_introspection_cpp.dir/rosidl_typesupport_introspection_cpp/custom_msgs/msg/detail/mpc_status_old__type_support.cpp.o[0m
[1.954s] [ 63%] [32mBuilding CXX object CMakeFiles/custom_msgs__rosidl_typesupport_introspection_cpp.dir/rosidl_typesupport_introspection_cpp/custom_msgs/msg/detail/tilt_vel__type_support.cpp.o[0m
[1.957s] [ 63%] Built target custom_msgs__rosidl_typesupport_cpp
[1.961s] [ 63%] Built target custom_msgs__rosidl_typesupport_fastrtps_cpp
[1.962s] [ 65%] [32m[1mLinking CXX shared library libcustom_msgs__rosidl_typesupport_introspection_cpp.so[0m
[1.963s] [ 68%] [34m[1mGenerating C type support for eProsima Fast-RTPS[0m
[2.003s] [ 68%] Built target custom_msgs__rosidl_typesupport_introspection_cpp
[2.225s] [ 70%] [32mBuilding CXX object CMakeFiles/custom_msgs__rosidl_typesupport_fastrtps_c.dir/rosidl_typesupport_fastrtps_c/custom_msgs/msg/detail/mpc_status__type_support_c.cpp.o[0m
[2.226s] [ 72%] [32mBuilding CXX object CMakeFiles/custom_msgs__rosidl_typesupport_fastrtps_c.dir/rosidl_typesupport_fastrtps_c/custom_msgs/msg/detail/mpc_status_old__type_support_c.cpp.o[0m
[2.226s] [ 74%] [32mBuilding CXX object CMakeFiles/custom_msgs__rosidl_typesupport_fastrtps_c.dir/rosidl_typesupport_fastrtps_c/custom_msgs/msg/detail/tilt_vel__type_support_c.cpp.o[0m
[2.232s] [ 76%] [32m[1mLinking CXX shared library libcustom_msgs__rosidl_typesupport_fastrtps_c.so[0m
[2.281s] [ 76%] Built target custom_msgs__rosidl_typesupport_fastrtps_c
[2.286s] [ 76%] Built target custom_msgs
[2.291s] [ 78%] [34m[1mGenerating Python code for ROS interfaces[0m
[2.829s] [ 78%] Built target custom_msgs__py
[2.835s] [ 80%] [32mBuilding C object CMakeFiles/custom_msgs__python.dir/rosidl_generator_py/custom_msgs/msg/_mpc_status_s.c.o[0m
[2.835s] [ 82%] [32mBuilding C object CMakeFiles/custom_msgs__python.dir/rosidl_generator_py/custom_msgs/msg/_mpc_status_old_s.c.o[0m
[2.835s] [ 85%] [32mBuilding C object CMakeFiles/custom_msgs__python.dir/rosidl_generator_py/custom_msgs/msg/_tilt_vel_s.c.o[0m
[2.841s] [ 87%] [32m[1mLinking C shared library rosidl_generator_py/custom_msgs/libcustom_msgs__python.so[0m
[2.860s] [ 87%] Built target custom_msgs__python
[2.865s] [ 89%] [32mBuilding C object CMakeFiles/custom_msgs__rosidl_typesupport_fastrtps_c__pyext.dir/rosidl_generator_py/custom_msgs/_custom_msgs_s.ep.rosidl_typesupport_fastrtps_c.c.o[0m
[2.866s] [ 93%] [32mBuilding C object CMakeFiles/custom_msgs__rosidl_typesupport_c__pyext.dir/rosidl_generator_py/custom_msgs/_custom_msgs_s.ep.rosidl_typesupport_c.c.o[0m
[2.866s] [ 91%] [32mBuilding C object CMakeFiles/custom_msgs__rosidl_typesupport_introspection_c__pyext.dir/rosidl_generator_py/custom_msgs/_custom_msgs_s.ep.rosidl_typesupport_introspection_c.c.o[0m
[2.871s] [ 97%] [32m[1mLinking CXX shared library rosidl_generator_py/custom_msgs/custom_msgs_s__rosidl_typesupport_fastrtps_c.cpython-38-x86_64-linux-gnu.so[0m
[2.871s] [ 97%] [32m[1mLinking C shared library rosidl_generator_py/custom_msgs/custom_msgs_s__rosidl_typesupport_introspection_c.cpython-38-x86_64-linux-gnu.so[0m
[2.872s] [100%] [32m[1mLinking C shared library rosidl_generator_py/custom_msgs/custom_msgs_s__rosidl_typesupport_c.cpython-38-x86_64-linux-gnu.so[0m
[2.887s] [100%] Built target custom_msgs__rosidl_typesupport_introspection_c__pyext
[2.887s] [100%] Built target custom_msgs__rosidl_typesupport_c__pyext
[2.907s] [100%] Built target custom_msgs__rosidl_typesupport_fastrtps_c__pyext
[2.916s] Invoked command in '/home/m4pc/m4v2-code/m4_ws/build/custom_msgs' returned '0': CMAKE_PREFIX_PATH=${CMAKE_PREFIX_PATH}:/home/m4pc/m4v2-code/m4_ws/install/morphing_lander:/opt/ros/foxy /home/m4pc/.local/bin/cmake --build /home/m4pc/m4v2-code/m4_ws/build/custom_msgs -- -j12 -l12
[3.065s] Invoking command in '/home/m4pc/m4v2-code/m4_ws/build/custom_msgs': CMAKE_PREFIX_PATH=${CMAKE_PREFIX_PATH}:/home/m4pc/m4v2-code/m4_ws/install/morphing_lander:/opt/ros/foxy /home/m4pc/.local/bin/cmake --install /home/m4pc/m4v2-code/m4_ws/build/custom_msgs
[3.113s] -- Install configuration: ""
[3.113s] -- Installing: /home/m4pc/m4v2-code/m4_ws/install/custom_msgs/share/ament_index/resource_index/rosidl_interfaces/custom_msgs
[3.113s] -- Installing: /home/m4pc/m4v2-code/m4_ws/install/custom_msgs/include/custom_msgs
[3.113s] -- Installing: /home/m4pc/m4v2-code/m4_ws/install/custom_msgs/include/custom_msgs/msg
[3.113s] -- Installing: /home/m4pc/m4v2-code/m4_ws/install/custom_msgs/include/custom_msgs/msg/detail
[3.113s] -- Installing: /home/m4pc/m4v2-code/m4_ws/install/custom_msgs/include/custom_msgs/msg/detail/mpc_status__struct.h
[3.113s] -- Installing: /home/m4pc/m4v2-code/m4_ws/install/custom_msgs/include/custom_msgs/msg/detail/mpc_status_old__type_support.h
[3.113s] -- Installing: /home/m4pc/m4v2-code/m4_ws/install/custom_msgs/include/custom_msgs/msg/detail/mpc_status__functions.c
[3.113s] -- Installing: /home/m4pc/m4v2-code/m4_ws/install/custom_msgs/include/custom_msgs/msg/detail/tilt_vel__functions.h
[3.113s] -- Installing: /home/m4pc/m4v2-code/m4_ws/install/custom_msgs/include/custom_msgs/msg/detail/tilt_vel__type_support.h
[3.113s] -- Installing: /home/m4pc/m4v2-code/m4_ws/install/custom_msgs/include/custom_msgs/msg/detail/mpc_status_old__functions.h
[3.113s] -- Installing: /home/m4pc/m4v2-code/m4_ws/install/custom_msgs/include/custom_msgs/msg/detail/mpc_status__functions.h
[3.113s] -- Installing: /home/m4pc/m4v2-code/m4_ws/install/custom_msgs/include/custom_msgs/msg/detail/mpc_status__type_support.h
[3.114s] -- Installing: /home/m4pc/m4v2-code/m4_ws/install/custom_msgs/include/custom_msgs/msg/detail/mpc_status_old__struct.h
[3.114s] -- Installing: /home/m4pc/m4v2-code/m4_ws/install/custom_msgs/include/custom_msgs/msg/detail/tilt_vel__struct.h
[3.114s] -- Installing: /home/m4pc/m4v2-code/m4_ws/install/custom_msgs/include/custom_msgs/msg/detail/tilt_vel__functions.c
[3.114s] -- Installing: /home/m4pc/m4v2-code/m4_ws/install/custom_msgs/include/custom_msgs/msg/detail/mpc_status_old__functions.c
[3.114s] -- Installing: /home/m4pc/m4v2-code/m4_ws/install/custom_msgs/include/custom_msgs/msg/mpc_status.h
[3.114s] -- Installing: /home/m4pc/m4v2-code/m4_ws/install/custom_msgs/include/custom_msgs/msg/mpc_status_old.h
[3.114s] -- Installing: /home/m4pc/m4v2-code/m4_ws/install/custom_msgs/include/custom_msgs/msg/tilt_vel.h
[3.114s] -- Installing: /home/m4pc/m4v2-code/m4_ws/install/custom_msgs/include/custom_msgs/msg/rosidl_generator_c__visibility_control.h
[3.114s] -- Installing: /home/m4pc/m4v2-code/m4_ws/install/custom_msgs/share/custom_msgs/environment/library_path.sh
[3.114s] -- Installing: /home/m4pc/m4v2-code/m4_ws/install/custom_msgs/share/custom_msgs/environment/library_path.dsv
[3.114s] -- Installing: /home/m4pc/m4v2-code/m4_ws/install/custom_msgs/lib/libcustom_msgs__rosidl_generator_c.so
[3.115s] -- Set non-toolchain portion of runtime path of "/home/m4pc/m4v2-code/m4_ws/install/custom_msgs/lib/libcustom_msgs__rosidl_generator_c.so" to ""
[3.115s] -- Up-to-date: /home/m4pc/m4v2-code/m4_ws/install/custom_msgs/include/custom_msgs
[3.115s] -- Up-to-date: /home/m4pc/m4v2-code/m4_ws/install/custom_msgs/include/custom_msgs/msg
[3.115s] -- Up-to-date: /home/m4pc/m4v2-code/m4_ws/install/custom_msgs/include/custom_msgs/msg/detail
[3.115s] -- Installing: /home/m4pc/m4v2-code/m4_ws/install/custom_msgs/include/custom_msgs/msg/detail/mpc_status_old__rosidl_typesupport_fastrtps_c.h
[3.115s] -- Installing: /home/m4pc/m4v2-code/m4_ws/install/custom_msgs/include/custom_msgs/msg/detail/tilt_vel__rosidl_typesupport_fastrtps_c.h
[3.115s] -- Installing: /home/m4pc/m4v2-code/m4_ws/install/custom_msgs/include/custom_msgs/msg/detail/mpc_status__rosidl_typesupport_fastrtps_c.h
[3.115s] -- Installing: /home/m4pc/m4v2-code/m4_ws/install/custom_msgs/include/custom_msgs/msg/rosidl_typesupport_fastrtps_c__visibility_control.h
[3.115s] -- Installing: /home/m4pc/m4v2-code/m4_ws/install/custom_msgs/lib/libcustom_msgs__rosidl_typesupport_fastrtps_c.so
[3.115s] -- Set non-toolchain portion of runtime path of "/home/m4pc/m4v2-code/m4_ws/install/custom_msgs/lib/libcustom_msgs__rosidl_typesupport_fastrtps_c.so" to ""
[3.116s] -- Up-to-date: /home/m4pc/m4v2-code/m4_ws/install/custom_msgs/include/custom_msgs
[3.116s] -- Up-to-date: /home/m4pc/m4v2-code/m4_ws/install/custom_msgs/include/custom_msgs/msg
[3.116s] -- Up-to-date: /home/m4pc/m4v2-code/m4_ws/install/custom_msgs/include/custom_msgs/msg/detail
[3.116s] -- Installing: /home/m4pc/m4v2-code/m4_ws/install/custom_msgs/include/custom_msgs/msg/detail/tilt_vel__rosidl_typesupport_fastrtps_cpp.hpp
[3.116s] -- Installing: /home/m4pc/m4v2-code/m4_ws/install/custom_msgs/include/custom_msgs/msg/detail/mpc_status_old__rosidl_typesupport_fastrtps_cpp.hpp
[3.116s] -- Installing: /home/m4pc/m4v2-code/m4_ws/install/custom_msgs/include/custom_msgs/msg/detail/dds_fastrtps
[3.116s] -- Installing: /home/m4pc/m4v2-code/m4_ws/install/custom_msgs/include/custom_msgs/msg/detail/mpc_status__rosidl_typesupport_fastrtps_cpp.hpp
[3.116s] -- Installing: /home/m4pc/m4v2-code/m4_ws/install/custom_msgs/include/custom_msgs/msg/rosidl_typesupport_fastrtps_cpp__visibility_control.h
[3.116s] -- Installing: /home/m4pc/m4v2-code/m4_ws/install/custom_msgs/lib/libcustom_msgs__rosidl_typesupport_fastrtps_cpp.so
[3.116s] -- Set non-toolchain portion of runtime path of "/home/m4pc/m4v2-code/m4_ws/install/custom_msgs/lib/libcustom_msgs__rosidl_typesupport_fastrtps_cpp.so" to ""
[3.116s] -- Up-to-date: /home/m4pc/m4v2-code/m4_ws/install/custom_msgs/include/custom_msgs
[3.116s] -- Up-to-date: /home/m4pc/m4v2-code/m4_ws/install/custom_msgs/include/custom_msgs/msg
[3.116s] -- Up-to-date: /home/m4pc/m4v2-code/m4_ws/install/custom_msgs/include/custom_msgs/msg/detail
[3.116s] -- Installing: /home/m4pc/m4v2-code/m4_ws/install/custom_msgs/include/custom_msgs/msg/detail/mpc_status__type_support.c
[3.117s] -- Installing: /home/m4pc/m4v2-code/m4_ws/install/custom_msgs/include/custom_msgs/msg/detail/mpc_status_old__type_support.c
[3.117s] -- Installing: /home/m4pc/m4v2-code/m4_ws/install/custom_msgs/include/custom_msgs/msg/detail/tilt_vel__type_support.c
[3.117s] -- Installing: /home/m4pc/m4v2-code/m4_ws/install/custom_msgs/include/custom_msgs/msg/detail/mpc_status_old__rosidl_typesupport_introspection_c.h
[3.117s] -- Installing: /home/m4pc/m4v2-code/m4_ws/install/custom_msgs/include/custom_msgs/msg/detail/tilt_vel__rosidl_typesupport_introspection_c.h
[3.117s] -- Installing: /home/m4pc/m4v2-code/m4_ws/install/custom_msgs/include/custom_msgs/msg/detail/mpc_status__rosidl_typesupport_introspection_c.h
[3.117s] -- Installing: /home/m4pc/m4v2-code/m4_ws/install/custom_msgs/include/custom_msgs/msg/rosidl_typesupport_introspection_c__visibility_control.h
[3.117s] -- Installing: /home/m4pc/m4v2-code/m4_ws/install/custom_msgs/lib/libcustom_msgs__rosidl_typesupport_introspection_c.so
[3.117s] -- Set non-toolchain portion of runtime path of "/home/m4pc/m4v2-code/m4_ws/install/custom_msgs/lib/libcustom_msgs__rosidl_typesupport_introspection_c.so" to ""
[3.117s] -- Installing: /home/m4pc/m4v2-code/m4_ws/install/custom_msgs/lib/libcustom_msgs__rosidl_typesupport_c.so
[3.117s] -- Set non-toolchain portion of runtime path of "/home/m4pc/m4v2-code/m4_ws/install/custom_msgs/lib/libcustom_msgs__rosidl_typesupport_c.so" to ""
[3.117s] -- Up-to-date: /home/m4pc/m4v2-code/m4_ws/install/custom_msgs/include/custom_msgs
[3.118s] -- Up-to-date: /home/m4pc/m4v2-code/m4_ws/install/custom_msgs/include/custom_msgs/msg
[3.118s] -- Up-to-date: /home/m4pc/m4v2-code/m4_ws/install/custom_msgs/include/custom_msgs/msg/detail
[3.118s] -- Installing: /home/m4pc/m4v2-code/m4_ws/install/custom_msgs/include/custom_msgs/msg/detail/mpc_status_old__traits.hpp
[3.118s] -- Installing: /home/m4pc/m4v2-code/m4_ws/install/custom_msgs/include/custom_msgs/msg/detail/mpc_status_old__builder.hpp
[3.118s] -- Installing: /home/m4pc/m4v2-code/m4_ws/install/custom_msgs/include/custom_msgs/msg/detail/mpc_status_old__struct.hpp
[3.118s] -- Installing: /home/m4pc/m4v2-code/m4_ws/install/custom_msgs/include/custom_msgs/msg/detail/mpc_status__struct.hpp
[3.118s] -- Installing: /home/m4pc/m4v2-code/m4_ws/install/custom_msgs/include/custom_msgs/msg/detail/mpc_status__builder.hpp
[3.118s] -- Installing: /home/m4pc/m4v2-code/m4_ws/install/custom_msgs/include/custom_msgs/msg/detail/mpc_status__traits.hpp
[3.118s] -- Installing: /home/m4pc/m4v2-code/m4_ws/install/custom_msgs/include/custom_msgs/msg/detail/mpc_status__type_support.hpp
[3.118s] -- Installing: /home/m4pc/m4v2-code/m4_ws/install/custom_msgs/include/custom_msgs/msg/detail/mpc_status_old__type_support.hpp
[3.118s] -- Installing: /home/m4pc/m4v2-code/m4_ws/install/custom_msgs/include/custom_msgs/msg/detail/tilt_vel__traits.hpp
[3.118s] -- Installing: /home/m4pc/m4v2-code/m4_ws/install/custom_msgs/include/custom_msgs/msg/detail/tilt_vel__struct.hpp
[3.118s] -- Installing: /home/m4pc/m4v2-code/m4_ws/install/custom_msgs/include/custom_msgs/msg/detail/tilt_vel__type_support.hpp
[3.118s] -- Installing: /home/m4pc/m4v2-code/m4_ws/install/custom_msgs/include/custom_msgs/msg/detail/tilt_vel__builder.hpp
[3.118s] -- Installing: /home/m4pc/m4v2-code/m4_ws/install/custom_msgs/include/custom_msgs/msg/tilt_vel.hpp
[3.119s] -- Installing: /home/m4pc/m4v2-code/m4_ws/install/custom_msgs/include/custom_msgs/msg/mpc_status.hpp
[3.119s] -- Installing: /home/m4pc/m4v2-code/m4_ws/install/custom_msgs/include/custom_msgs/msg/mpc_status_old.hpp
[3.119s] -- Installing: /home/m4pc/m4v2-code/m4_ws/install/custom_msgs/include/custom_msgs/msg/rosidl_generator_cpp__visibility_control.hpp
[3.119s] -- Up-to-date: /home/m4pc/m4v2-code/m4_ws/install/custom_msgs/include/custom_msgs
[3.119s] -- Up-to-date: /home/m4pc/m4v2-code/m4_ws/install/custom_msgs/include/custom_msgs/msg
[3.119s] -- Up-to-date: /home/m4pc/m4v2-code/m4_ws/install/custom_msgs/include/custom_msgs/msg/detail
[3.119s] -- Installing: /home/m4pc/m4v2-code/m4_ws/install/custom_msgs/include/custom_msgs/msg/detail/mpc_status_old__type_support.cpp
[3.119s] -- Installing: /home/m4pc/m4v2-code/m4_ws/install/custom_msgs/include/custom_msgs/msg/detail/mpc_status_old__rosidl_typesupport_introspection_cpp.hpp
[3.119s] -- Installing: /home/m4pc/m4v2-code/m4_ws/install/custom_msgs/include/custom_msgs/msg/detail/tilt_vel__type_support.cpp
[3.119s] -- Installing: /home/m4pc/m4v2-code/m4_ws/install/custom_msgs/include/custom_msgs/msg/detail/mpc_status__type_support.cpp
[3.119s] -- Installing: /home/m4pc/m4v2-code/m4_ws/install/custom_msgs/include/custom_msgs/msg/detail/mpc_status__rosidl_typesupport_introspection_cpp.hpp
[3.119s] -- Installing: /home/m4pc/m4v2-code/m4_ws/install/custom_msgs/include/custom_msgs/msg/detail/tilt_vel__rosidl_typesupport_introspection_cpp.hpp
[3.119s] -- Installing: /home/m4pc/m4v2-code/m4_ws/install/custom_msgs/lib/libcustom_msgs__rosidl_typesupport_introspection_cpp.so
[3.119s] -- Set non-toolchain portion of runtime path of "/home/m4pc/m4v2-code/m4_ws/install/custom_msgs/lib/libcustom_msgs__rosidl_typesupport_introspection_cpp.so" to ""
[3.120s] -- Installing: /home/m4pc/m4v2-code/m4_ws/install/custom_msgs/lib/libcustom_msgs__rosidl_typesupport_cpp.so
[3.120s] -- Set non-toolchain portion of runtime path of "/home/m4pc/m4v2-code/m4_ws/install/custom_msgs/lib/libcustom_msgs__rosidl_typesupport_cpp.so" to ""
[3.120s] -- Installing: /home/m4pc/m4v2-code/m4_ws/install/custom_msgs/share/custom_msgs/environment/pythonpath.sh
[3.120s] -- Installing: /home/m4pc/m4v2-code/m4_ws/install/custom_msgs/share/custom_msgs/environment/pythonpath.dsv
[3.120s] -- Installing: /home/m4pc/m4v2-code/m4_ws/install/custom_msgs/lib/python3.8/site-packages/custom_msgs/__init__.py
[3.144s] Compiling '/home/m4pc/m4v2-code/m4_ws/install/custom_msgs/lib/python3.8/site-packages/custom_msgs/__init__.py'...
[3.147s] -- Installing: /home/m4pc/m4v2-code/m4_ws/install/custom_msgs/lib/python3.8/site-packages/custom_msgs/msg
[3.147s] -- Installing: /home/m4pc/m4v2-code/m4_ws/install/custom_msgs/lib/python3.8/site-packages/custom_msgs/msg/_tilt_vel_s.c
[3.147s] -- Installing: /home/m4pc/m4v2-code/m4_ws/install/custom_msgs/lib/python3.8/site-packages/custom_msgs/msg/_mpc_status_old.py
[3.147s] -- Installing: /home/m4pc/m4v2-code/m4_ws/install/custom_msgs/lib/python3.8/site-packages/custom_msgs/msg/__init__.py
[3.147s] -- Installing: /home/m4pc/m4v2-code/m4_ws/install/custom_msgs/lib/python3.8/site-packages/custom_msgs/msg/_mpc_status_s.c
[3.147s] -- Installing: /home/m4pc/m4v2-code/m4_ws/install/custom_msgs/lib/python3.8/site-packages/custom_msgs/msg/_tilt_vel.py
[3.147s] -- Installing: /home/m4pc/m4v2-code/m4_ws/install/custom_msgs/lib/python3.8/site-packages/custom_msgs/msg/_mpc_status_old_s.c
[3.147s] -- Installing: /home/m4pc/m4v2-code/m4_ws/install/custom_msgs/lib/python3.8/site-packages/custom_msgs/msg/_mpc_status.py
[3.147s] -- Installing: /home/m4pc/m4v2-code/m4_ws/install/custom_msgs/lib/python3.8/site-packages/custom_msgs/custom_msgs_s__rosidl_typesupport_fastrtps_c.cpython-38-x86_64-linux-gnu.so
[3.147s] -- Set non-toolchain portion of runtime path of "/home/m4pc/m4v2-code/m4_ws/install/custom_msgs/lib/python3.8/site-packages/custom_msgs/custom_msgs_s__rosidl_typesupport_fastrtps_c.cpython-38-x86_64-linux-gnu.so" to ""
[3.147s] -- Installing: /home/m4pc/m4v2-code/m4_ws/install/custom_msgs/lib/python3.8/site-packages/custom_msgs/custom_msgs_s__rosidl_typesupport_introspection_c.cpython-38-x86_64-linux-gnu.so
[3.148s] -- Set non-toolchain portion of runtime path of "/home/m4pc/m4v2-code/m4_ws/install/custom_msgs/lib/python3.8/site-packages/custom_msgs/custom_msgs_s__rosidl_typesupport_introspection_c.cpython-38-x86_64-linux-gnu.so" to ""
[3.148s] -- Installing: /home/m4pc/m4v2-code/m4_ws/install/custom_msgs/lib/python3.8/site-packages/custom_msgs/custom_msgs_s__rosidl_typesupport_c.cpython-38-x86_64-linux-gnu.so
[3.148s] -- Set non-toolchain portion of runtime path of "/home/m4pc/m4v2-code/m4_ws/install/custom_msgs/lib/python3.8/site-packages/custom_msgs/custom_msgs_s__rosidl_typesupport_c.cpython-38-x86_64-linux-gnu.so" to ""
[3.148s] -- Installing: /home/m4pc/m4v2-code/m4_ws/install/custom_msgs/lib/libcustom_msgs__python.so
[3.148s] -- Set non-toolchain portion of runtime path of "/home/m4pc/m4v2-code/m4_ws/install/custom_msgs/lib/libcustom_msgs__python.so" to ""
[3.148s] -- Installing: /home/m4pc/m4v2-code/m4_ws/install/custom_msgs/share/custom_msgs/msg/MPCStatus.idl
[3.148s] -- Installing: /home/m4pc/m4v2-code/m4_ws/install/custom_msgs/share/custom_msgs/msg/MPCStatusOld.idl
[3.148s] -- Installing: /home/m4pc/m4v2-code/m4_ws/install/custom_msgs/share/custom_msgs/msg/TiltVel.idl
[3.148s] -- Installing: /home/m4pc/m4v2-code/m4_ws/install/custom_msgs/share/custom_msgs/msg/MPCStatus.msg
[3.149s] -- Installing: /home/m4pc/m4v2-code/m4_ws/install/custom_msgs/share/custom_msgs/msg/MPCStatusOld.msg
[3.149s] -- Installing: /home/m4pc/m4v2-code/m4_ws/install/custom_msgs/share/custom_msgs/msg/TiltVel.msg
[3.149s] -- Installing: /home/m4pc/m4v2-code/m4_ws/install/custom_msgs/share/ament_index/resource_index/package_run_dependencies/custom_msgs
[3.149s] -- Installing: /home/m4pc/m4v2-code/m4_ws/install/custom_msgs/share/ament_index/resource_index/parent_prefix_path/custom_msgs
[3.149s] -- Installing: /home/m4pc/m4v2-code/m4_ws/install/custom_msgs/share/custom_msgs/environment/ament_prefix_path.sh
[3.149s] -- Installing: /home/m4pc/m4v2-code/m4_ws/install/custom_msgs/share/custom_msgs/environment/ament_prefix_path.dsv
[3.149s] -- Installing: /home/m4pc/m4v2-code/m4_ws/install/custom_msgs/share/custom_msgs/environment/path.sh
[3.149s] -- Installing: /home/m4pc/m4v2-code/m4_ws/install/custom_msgs/share/custom_msgs/environment/path.dsv
[3.149s] -- Installing: /home/m4pc/m4v2-code/m4_ws/install/custom_msgs/share/custom_msgs/local_setup.bash
[3.149s] -- Installing: /home/m4pc/m4v2-code/m4_ws/install/custom_msgs/share/custom_msgs/local_setup.sh
[3.150s] -- Installing: /home/m4pc/m4v2-code/m4_ws/install/custom_msgs/share/custom_msgs/local_setup.zsh
[3.150s] -- Installing: /home/m4pc/m4v2-code/m4_ws/install/custom_msgs/share/custom_msgs/local_setup.dsv
[3.150s] -- Installing: /home/m4pc/m4v2-code/m4_ws/install/custom_msgs/share/custom_msgs/package.dsv
[3.150s] -- Installing: /home/m4pc/m4v2-code/m4_ws/install/custom_msgs/share/ament_index/resource_index/packages/custom_msgs
[3.150s] -- Installing: /home/m4pc/m4v2-code/m4_ws/install/custom_msgs/share/custom_msgs/cmake/custom_msgs__rosidl_generator_cExport.cmake
[3.150s] -- Installing: /home/m4pc/m4v2-code/m4_ws/install/custom_msgs/share/custom_msgs/cmake/custom_msgs__rosidl_generator_cExport-noconfig.cmake
[3.150s] -- Installing: /home/m4pc/m4v2-code/m4_ws/install/custom_msgs/share/custom_msgs/cmake/custom_msgs__rosidl_typesupport_introspection_cExport.cmake
[3.150s] -- Installing: /home/m4pc/m4v2-code/m4_ws/install/custom_msgs/share/custom_msgs/cmake/custom_msgs__rosidl_typesupport_introspection_cExport-noconfig.cmake
[3.150s] -- Installing: /home/m4pc/m4v2-code/m4_ws/install/custom_msgs/share/custom_msgs/cmake/custom_msgs__rosidl_typesupport_cExport.cmake
[3.150s] -- Installing: /home/m4pc/m4v2-code/m4_ws/install/custom_msgs/share/custom_msgs/cmake/custom_msgs__rosidl_typesupport_cExport-noconfig.cmake
[3.151s] -- Installing: /home/m4pc/m4v2-code/m4_ws/install/custom_msgs/share/custom_msgs/cmake/custom_msgs__rosidl_generator_cppExport.cmake
[3.151s] -- Installing: /home/m4pc/m4v2-code/m4_ws/install/custom_msgs/share/custom_msgs/cmake/custom_msgs__rosidl_typesupport_introspection_cppExport.cmake
[3.151s] -- Installing: /home/m4pc/m4v2-code/m4_ws/install/custom_msgs/share/custom_msgs/cmake/custom_msgs__rosidl_typesupport_introspection_cppExport-noconfig.cmake
[3.151s] -- Installing: /home/m4pc/m4v2-code/m4_ws/install/custom_msgs/share/custom_msgs/cmake/custom_msgs__rosidl_typesupport_cppExport.cmake
[3.151s] -- Installing: /home/m4pc/m4v2-code/m4_ws/install/custom_msgs/share/custom_msgs/cmake/custom_msgs__rosidl_typesupport_cppExport-noconfig.cmake
[3.151s] -- Installing: /home/m4pc/m4v2-code/m4_ws/install/custom_msgs/share/custom_msgs/cmake/rosidl_cmake-extras.cmake
[3.151s] -- Installing: /home/m4pc/m4v2-code/m4_ws/install/custom_msgs/share/custom_msgs/cmake/ament_cmake_export_dependencies-extras.cmake
[3.151s] -- Installing: /home/m4pc/m4v2-code/m4_ws/install/custom_msgs/share/custom_msgs/cmake/ament_cmake_export_libraries-extras.cmake
[3.151s] -- Installing: /home/m4pc/m4v2-code/m4_ws/install/custom_msgs/share/custom_msgs/cmake/ament_cmake_export_targets-extras.cmake
[3.151s] -- Installing: /home/m4pc/m4v2-code/m4_ws/install/custom_msgs/share/custom_msgs/cmake/ament_cmake_export_include_directories-extras.cmake
[3.151s] -- Installing: /home/m4pc/m4v2-code/m4_ws/install/custom_msgs/share/custom_msgs/cmake/rosidl_cmake_export_typesupport_libraries-extras.cmake
[3.152s] -- Installing: /home/m4pc/m4v2-code/m4_ws/install/custom_msgs/share/custom_msgs/cmake/rosidl_cmake_export_typesupport_targets-extras.cmake
[3.152s] -- Installing: /home/m4pc/m4v2-code/m4_ws/install/custom_msgs/share/custom_msgs/cmake/custom_msgsConfig.cmake
[3.152s] -- Installing: /home/m4pc/m4v2-code/m4_ws/install/custom_msgs/share/custom_msgs/cmake/custom_msgsConfig-version.cmake
[3.152s] -- Installing: /home/m4pc/m4v2-code/m4_ws/install/custom_msgs/share/custom_msgs/package.xml
[3.159s] Invoked command in '/home/m4pc/m4v2-code/m4_ws/build/custom_msgs' returned '0': CMAKE_PREFIX_PATH=${CMAKE_PREFIX_PATH}:/home/m4pc/m4v2-code/m4_ws/install/morphing_lander:/opt/ros/foxy /home/m4pc/.local/bin/cmake --install /home/m4pc/m4v2-code/m4_ws/build/custom_msgs
