[0.864s] Invoking command in '/home/m4pc/m4v2-code/m4_ws/src/morphing_lander': PYTHONPATH=/home/m4pc/m4v2-code/m4_ws/src/morphing_lander/build/morphing_lander/prefix_override:/home/m4pc/m4v2-code/m4_ws/src/morphing_lander/install/morphing_lander/lib/python3.8/site-packages:${PYTHONPATH} /usr/bin/python3 -W ignore:setup.py install is deprecated setup.py egg_info --egg-base build/morphing_lander build --build-base /home/m4pc/m4v2-code/m4_ws/src/morphing_lander/build/morphing_lander/build install --record /home/m4pc/m4v2-code/m4_ws/src/morphing_lander/build/morphing_lander/install.log --single-version-externally-managed install_data
[1.127s] running egg_info
[1.145s] writing build/morphing_lander/morphing_lander.egg-info/PKG-INFO
[1.145s] writing dependency_links to build/morphing_lander/morphing_lander.egg-info/dependency_links.txt
[1.145s] writing entry points to build/morphing_lander/morphing_lander.egg-info/entry_points.txt
[1.145s] writing requirements to build/morphing_lander/morphing_lander.egg-info/requires.txt
[1.145s] writing top-level names to build/morphing_lander/morphing_lander.egg-info/top_level.txt
[1.472s] reading manifest file 'build/morphing_lander/morphing_lander.egg-info/SOURCES.txt'
[1.474s] writing manifest file 'build/morphing_lander/morphing_lander.egg-info/SOURCES.txt'
[1.474s] running build
[1.474s] running build_py
[1.475s] copying morphing_lander/tilt_controller_hardware.py -> /home/m4pc/m4v2-code/m4_ws/src/morphing_lander/build/morphing_lander/build/lib/morphing_lander
[1.475s] copying morphing_lander/relay_mocap.py -> /home/m4pc/m4v2-code/m4_ws/src/morphing_lander/build/morphing_lander/build/lib/morphing_lander
[1.475s] copying morphing_lander/__init__.py -> /home/m4pc/m4v2-code/m4_ws/src/morphing_lander/build/morphing_lander/build/lib/morphing_lander
[1.475s] copying morphing_lander/tilt_controller_sim.py -> /home/m4pc/m4v2-code/m4_ws/src/morphing_lander/build/morphing_lander/build/lib/morphing_lander
[1.475s] copying morphing_lander/mpc_controller_hardware.py -> /home/m4pc/m4v2-code/m4_ws/src/morphing_lander/build/morphing_lander/build/lib/morphing_lander
[1.475s] copying morphing_lander/load_cell_test.py -> /home/m4pc/m4v2-code/m4_ws/src/morphing_lander/build/morphing_lander/build/lib/morphing_lander
[1.476s] copying morphing_lander/mpc_controller_sim.py -> /home/m4pc/m4v2-code/m4_ws/src/morphing_lander/build/morphing_lander/build/lib/morphing_lander
[1.476s] copying morphing_lander/mpc/dynamics.py -> /home/m4pc/m4v2-code/m4_ws/src/morphing_lander/build/morphing_lander/build/lib/morphing_lander/mpc
[1.476s] copying morphing_lander/mpc/MPCBase.py -> /home/m4pc/m4v2-code/m4_ws/src/morphing_lander/build/morphing_lander/build/lib/morphing_lander/mpc
[1.476s] copying morphing_lander/mpc/integrator.py -> /home/m4pc/m4v2-code/m4_ws/src/morphing_lander/build/morphing_lander/build/lib/morphing_lander/mpc
[1.476s] copying morphing_lander/mpc/mpc.py -> /home/m4pc/m4v2-code/m4_ws/src/morphing_lander/build/morphing_lander/build/lib/morphing_lander/mpc
[1.477s] copying morphing_lander/mpc/roboclaw_3.py -> /home/m4pc/m4v2-code/m4_ws/src/morphing_lander/build/morphing_lander/build/lib/morphing_lander/mpc
[1.477s] copying morphing_lander/mpc/parameters.py -> /home/m4pc/m4v2-code/m4_ws/src/morphing_lander/build/morphing_lander/build/lib/morphing_lander/mpc
[1.477s] copying morphing_lander/mpc/__init__.py -> /home/m4pc/m4v2-code/m4_ws/src/morphing_lander/build/morphing_lander/build/lib/morphing_lander/mpc
[1.477s] copying morphing_lander/mpc/trajectories.py -> /home/m4pc/m4v2-code/m4_ws/src/morphing_lander/build/morphing_lander/build/lib/morphing_lander/mpc
[1.477s] copying morphing_lander/mpc/TiltControllerBase.py -> /home/m4pc/m4v2-code/m4_ws/src/morphing_lander/build/morphing_lander/build/lib/morphing_lander/mpc
[1.477s] copying morphing_lander/mpc/learned_dynamics.py -> /home/m4pc/m4v2-code/m4_ws/src/morphing_lander/build/morphing_lander/build/lib/morphing_lander/mpc
[1.478s] copying morphing_lander/mpc/utils.py -> /home/m4pc/m4v2-code/m4_ws/src/morphing_lander/build/morphing_lander/build/lib/morphing_lander/mpc
[1.478s] copying morphing_lander/cvae/cvae_utils.py -> /home/m4pc/m4v2-code/m4_ws/src/morphing_lander/build/morphing_lander/build/lib/morphing_lander/cvae
[1.478s] copying morphing_lander/cvae/__init__.py -> /home/m4pc/m4v2-code/m4_ws/src/morphing_lander/build/morphing_lander/build/lib/morphing_lander/cvae
[1.478s] copying morphing_lander/cvae/models.py -> /home/m4pc/m4v2-code/m4_ws/src/morphing_lander/build/morphing_lander/build/lib/morphing_lander/cvae
[1.478s] copying morphing_lander/cvae/models_test.py -> /home/m4pc/m4v2-code/m4_ws/src/morphing_lander/build/morphing_lander/build/lib/morphing_lander/cvae
[1.478s] copying morphing_lander/cvae/train.py -> /home/m4pc/m4v2-code/m4_ws/src/morphing_lander/build/morphing_lander/build/lib/morphing_lander/cvae
[1.479s] copying morphing_lander/cvae/data.py -> /home/m4pc/m4v2-code/m4_ws/src/morphing_lander/build/morphing_lander/build/lib/morphing_lander/cvae
[1.479s] copying morphing_lander/data_utils/__init__.py -> /home/m4pc/m4v2-code/m4_ws/src/morphing_lander/build/morphing_lander/build/lib/morphing_lander/data_utils
[1.479s] copying morphing_lander/data_utils/data_utils.py -> /home/m4pc/m4v2-code/m4_ws/src/morphing_lander/build/morphing_lander/build/lib/morphing_lander/data_utils
[1.480s] running install
[1.489s] running install_lib
[1.518s] copying /home/m4pc/m4v2-code/m4_ws/src/morphing_lander/build/morphing_lander/build/lib/morphing_lander/mpc/MPCBase.py -> /home/m4pc/m4v2-code/m4_ws/src/morphing_lander/install/morphing_lander/lib/python3.8/site-packages/morphing_lander/mpc
[1.518s] copying /home/m4pc/m4v2-code/m4_ws/src/morphing_lander/build/morphing_lander/build/lib/morphing_lander/data_utils/data_utils.py -> /home/m4pc/m4v2-code/m4_ws/src/morphing_lander/install/morphing_lander/lib/python3.8/site-packages/morphing_lander/data_utils
[1.519s] byte-compiling /home/m4pc/m4v2-code/m4_ws/src/morphing_lander/install/morphing_lander/lib/python3.8/site-packages/morphing_lander/mpc/MPCBase.py to MPCBase.cpython-38.pyc
[1.522s] byte-compiling /home/m4pc/m4v2-code/m4_ws/src/morphing_lander/install/morphing_lander/lib/python3.8/site-packages/morphing_lander/data_utils/data_utils.py to data_utils.cpython-38.pyc
[1.523s] running install_data
[1.523s] copying resource/morphing_lander -> /home/m4pc/m4v2-code/m4_ws/src/morphing_lander/install/morphing_lander/share/ament_index/resource_index/packages
[1.523s] copying package.xml -> /home/m4pc/m4v2-code/m4_ws/src/morphing_lander/install/morphing_lander/share/morphing_lander
[1.524s] copying launch/sim.launch.py -> /home/m4pc/m4v2-code/m4_ws/src/morphing_lander/install/morphing_lander/share/morphing_lander
[1.524s] copying launch/control.launch.py -> /home/m4pc/m4v2-code/m4_ws/src/morphing_lander/install/morphing_lander/share/morphing_lander
[1.524s] running install_egg_info
[1.552s] removing '/home/m4pc/m4v2-code/m4_ws/src/morphing_lander/install/morphing_lander/lib/python3.8/site-packages/morphing_lander-0.0.0-py3.8.egg-info' (and everything under it)
[1.552s] Copying build/morphing_lander/morphing_lander.egg-info to /home/m4pc/m4v2-code/m4_ws/src/morphing_lander/install/morphing_lander/lib/python3.8/site-packages/morphing_lander-0.0.0-py3.8.egg-info
[1.553s] running install_scripts
[1.617s] Installing load_cell_test script to /home/m4pc/m4v2-code/m4_ws/src/morphing_lander/install/morphing_lander/lib/morphing_lander
[1.617s] Installing mpc_controller_hardware script to /home/m4pc/m4v2-code/m4_ws/src/morphing_lander/install/morphing_lander/lib/morphing_lander
[1.618s] Installing mpc_controller_sim script to /home/m4pc/m4v2-code/m4_ws/src/morphing_lander/install/morphing_lander/lib/morphing_lander
[1.618s] Installing relay_mocap script to /home/m4pc/m4v2-code/m4_ws/src/morphing_lander/install/morphing_lander/lib/morphing_lander
[1.618s] Installing tilt_controller_hardware script to /home/m4pc/m4v2-code/m4_ws/src/morphing_lander/install/morphing_lander/lib/morphing_lander
[1.618s] Installing tilt_controller_sim script to /home/m4pc/m4v2-code/m4_ws/src/morphing_lander/install/morphing_lander/lib/morphing_lander
[1.619s] writing list of installed files to '/home/m4pc/m4v2-code/m4_ws/src/morphing_lander/build/morphing_lander/install.log'
[1.662s] Invoked command in '/home/m4pc/m4v2-code/m4_ws/src/morphing_lander' returned '0': PYTHONPATH=/home/m4pc/m4v2-code/m4_ws/src/morphing_lander/build/morphing_lander/prefix_override:/home/m4pc/m4v2-code/m4_ws/src/morphing_lander/install/morphing_lander/lib/python3.8/site-packages:${PYTHONPATH} /usr/bin/python3 -W ignore:setup.py install is deprecated setup.py egg_info --egg-base build/morphing_lander build --build-base /home/m4pc/m4v2-code/m4_ws/src/morphing_lander/build/morphing_lander/build install --record /home/m4pc/m4v2-code/m4_ws/src/morphing_lander/build/morphing_lander/install.log --single-version-externally-managed install_data
