[0.209s] DEBUG:colcon:Command line arguments: ['/usr/bin/colcon', 'build', '--packages-select', 'custom_msgs', 'morphing_lander', 'px4_msgs']
[0.209s] DEBUG:colcon:Parsed command line arguments: Namespace(allow_overriding=[], ament_cmake_args=None, base_paths=['.'], build_base='build', catkin_cmake_args=None, catkin_skip_building_tests=False, cmake_args=None, cmake_clean_cache=False, cmake_clean_first=False, cmake_force_configure=False, cmake_target=None, cmake_target_skip_unavailable=False, continue_on_error=False, event_handlers=None, executor='parallel', ignore_user_meta=False, install_base='install', log_base=None, log_level=None, main=<bound method BuildVerb.main of <colcon_core.verb.build.BuildVerb object at 0x7f230aeabac0>>, merge_install=False, metas=['./colcon.meta'], packages_above=None, packages_above_and_dependencies=None, packages_above_depth=None, packages_end=None, packages_ignore=None, packages_ignore_regex=None, packages_select=['custom_msgs', 'morphing_lander', 'px4_msgs'], packages_select_build_failed=False, packages_select_by_dep=None, packages_select_regex=None, packages_select_test_failures=False, packages_skip=None, packages_skip_build_finished=False, packages_skip_by_dep=None, packages_skip_regex=None, packages_skip_test_passed=False, packages_skip_up_to=None, packages_start=None, packages_up_to=None, packages_up_to_regex=None, parallel_workers=12, paths=None, symlink_install=False, test_result_base=None, verb_extension=<colcon_core.verb.build.BuildVerb object at 0x7f230aeabac0>, verb_name='build', verb_parser=<colcon_defaults.argument_parser.defaults.DefaultArgumentsDecorator object at 0x7f230aeabf10>)
[0.249s] Level 1:colcon.colcon_core.package_discovery:discover_packages(colcon_meta) check parameters
[0.249s] Level 1:colcon.colcon_core.package_discovery:discover_packages(recursive) check parameters
[0.249s] Level 1:colcon.colcon_core.package_discovery:discover_packages(ignore) check parameters
[0.249s] Level 1:colcon.colcon_core.package_discovery:discover_packages(path) check parameters
[0.249s] Level 1:colcon.colcon_core.package_discovery:discover_packages(colcon_meta) discover
[0.249s] Level 1:colcon.colcon_core.package_discovery:discover_packages(recursive) discover
[0.249s] INFO:colcon.colcon_core.package_discovery:Crawling recursively for packages in '/home/m4pc/m4v2-code/m4_ws/src/morphing_lander'
[0.249s] Level 1:colcon.colcon_core.package_identification:_identify(.) by extensions ['ignore', 'ignore_ament_install']
[0.250s] Level 1:colcon.colcon_core.package_identification:_identify(.) by extension 'ignore'
[0.250s] Level 1:colcon.colcon_core.package_identification:_identify(.) by extension 'ignore_ament_install'
[0.250s] Level 1:colcon.colcon_core.package_identification:_identify(.) by extensions ['colcon_pkg']
[0.250s] Level 1:colcon.colcon_core.package_identification:_identify(.) by extension 'colcon_pkg'
[0.250s] Level 1:colcon.colcon_core.package_identification:_identify(.) by extensions ['colcon_meta']
[0.250s] Level 1:colcon.colcon_core.package_identification:_identify(.) by extension 'colcon_meta'
[0.250s] Level 1:colcon.colcon_core.package_identification:_identify(.) by extensions ['ros']
[0.250s] Level 1:colcon.colcon_core.package_identification:_identify(.) by extension 'ros'
[0.263s] DEBUG:colcon.colcon_core.package_identification:Package '.' with type 'ros.ament_python' and name 'morphing_lander'
[0.263s] Level 1:colcon.colcon_core.package_discovery:discover_packages(recursive) using defaults
[0.263s] Level 1:colcon.colcon_core.package_discovery:discover_packages(ignore) discover
[0.263s] Level 1:colcon.colcon_core.package_discovery:discover_packages(ignore) using defaults
[0.263s] Level 1:colcon.colcon_core.package_discovery:discover_packages(path) discover
[0.263s] Level 1:colcon.colcon_core.package_discovery:discover_packages(path) using defaults
[0.264s] WARNING:colcon.colcon_core.package_selection:ignoring unknown package 'custom_msgs' in --packages-select
[0.264s] WARNING:colcon.colcon_core.package_selection:ignoring unknown package 'px4_msgs' in --packages-select
[0.278s] Level 1:colcon.colcon_core.package_discovery:discover_packages(prefix_path) check parameters
[0.278s] Level 1:colcon.colcon_core.package_discovery:discover_packages(prefix_path) discover
[0.280s] DEBUG:colcon.colcon_installed_package_information.package_discovery:Found 1 installed packages in /home/m4pc/m4v2-code/m4_ws/src/morphing_lander/install
[0.280s] DEBUG:colcon.colcon_installed_package_information.package_discovery:Found 3 installed packages in /home/m4pc/m4v2-code/m4_ws/install
[0.281s] DEBUG:colcon.colcon_installed_package_information.package_discovery:Found 266 installed packages in /opt/ros/foxy
[0.283s] Level 1:colcon.colcon_core.package_discovery:discover_packages(prefix_path) using defaults
[0.325s] Level 5:colcon.colcon_core.verb:set package 'morphing_lander' build argument 'cmake_args' from command line to 'None'
[0.325s] Level 5:colcon.colcon_core.verb:set package 'morphing_lander' build argument 'cmake_target' from command line to 'None'
[0.325s] Level 5:colcon.colcon_core.verb:set package 'morphing_lander' build argument 'cmake_target_skip_unavailable' from command line to 'False'
[0.325s] Level 5:colcon.colcon_core.verb:set package 'morphing_lander' build argument 'cmake_clean_cache' from command line to 'False'
[0.325s] Level 5:colcon.colcon_core.verb:set package 'morphing_lander' build argument 'cmake_clean_first' from command line to 'False'
[0.325s] Level 5:colcon.colcon_core.verb:set package 'morphing_lander' build argument 'cmake_force_configure' from command line to 'False'
[0.325s] Level 5:colcon.colcon_core.verb:set package 'morphing_lander' build argument 'ament_cmake_args' from command line to 'None'
[0.325s] Level 5:colcon.colcon_core.verb:set package 'morphing_lander' build argument 'catkin_cmake_args' from command line to 'None'
[0.325s] Level 5:colcon.colcon_core.verb:set package 'morphing_lander' build argument 'catkin_skip_building_tests' from command line to 'False'
[0.325s] DEBUG:colcon.colcon_core.verb:Building package 'morphing_lander' with the following arguments: {'ament_cmake_args': None, 'build_base': '/home/m4pc/m4v2-code/m4_ws/src/morphing_lander/build/morphing_lander', 'catkin_cmake_args': None, 'catkin_skip_building_tests': False, 'cmake_args': None, 'cmake_clean_cache': False, 'cmake_clean_first': False, 'cmake_force_configure': False, 'cmake_target': None, 'cmake_target_skip_unavailable': False, 'install_base': '/home/m4pc/m4v2-code/m4_ws/src/morphing_lander/install/morphing_lander', 'merge_install': False, 'path': '/home/m4pc/m4v2-code/m4_ws/src/morphing_lander', 'symlink_install': False, 'test_result_base': None}
[0.325s] INFO:colcon.colcon_core.executor:Executing jobs using 'parallel' executor
[0.326s] DEBUG:colcon.colcon_parallel_executor.executor.parallel:run_until_complete
[0.326s] INFO:colcon.colcon_ros.task.ament_python.build:Building ROS package in '/home/m4pc/m4v2-code/m4_ws/src/morphing_lander' with build type 'ament_python'
[0.326s] Level 1:colcon.colcon_core.shell:create_environment_hook('morphing_lander', 'ament_prefix_path')
[0.328s] INFO:colcon.colcon_core.plugin_system:Skipping extension 'colcon_core.shell.bat': Not used on non-Windows systems
[0.328s] INFO:colcon.colcon_core.shell:Creating environment hook '/home/m4pc/m4v2-code/m4_ws/src/morphing_lander/install/morphing_lander/share/morphing_lander/hook/ament_prefix_path.ps1'
[0.329s] INFO:colcon.colcon_core.shell:Creating environment descriptor '/home/m4pc/m4v2-code/m4_ws/src/morphing_lander/install/morphing_lander/share/morphing_lander/hook/ament_prefix_path.dsv'
[0.329s] INFO:colcon.colcon_core.shell:Creating environment hook '/home/m4pc/m4v2-code/m4_ws/src/morphing_lander/install/morphing_lander/share/morphing_lander/hook/ament_prefix_path.sh'
[0.329s] INFO:colcon.colcon_core.shell:Skip shell extension 'powershell' for command environment: Not usable outside of PowerShell
[0.330s] DEBUG:colcon.colcon_core.shell:Skip shell extension 'dsv' for command environment
[0.525s] INFO:colcon.colcon_core.task.python.build:Building Python package in '/home/m4pc/m4v2-code/m4_ws/src/morphing_lander'
[0.525s] INFO:colcon.colcon_core.shell:Skip shell extension 'powershell' for command environment: Not usable outside of PowerShell
[0.525s] DEBUG:colcon.colcon_core.shell:Skip shell extension 'dsv' for command environment
[1.101s] DEBUG:colcon.colcon_core.event_handler.log_command:Invoking command in '/home/m4pc/m4v2-code/m4_ws/src/morphing_lander': PYTHONPATH=/home/m4pc/m4v2-code/m4_ws/src/morphing_lander/build/morphing_lander/prefix_override:/home/m4pc/m4v2-code/m4_ws/src/morphing_lander/install/morphing_lander/lib/python3.8/site-packages:${PYTHONPATH} /usr/bin/python3 -W ignore:setup.py install is deprecated setup.py egg_info --egg-base build/morphing_lander build --build-base /home/m4pc/m4v2-code/m4_ws/src/morphing_lander/build/morphing_lander/build install --record /home/m4pc/m4v2-code/m4_ws/src/morphing_lander/build/morphing_lander/install.log --single-version-externally-managed install_data
[1.681s] DEBUG:colcon.colcon_core.event_handler.log_command:Invoked command in '/home/m4pc/m4v2-code/m4_ws/src/morphing_lander' returned '0': PYTHONPATH=/home/m4pc/m4v2-code/m4_ws/src/morphing_lander/build/morphing_lander/prefix_override:/home/m4pc/m4v2-code/m4_ws/src/morphing_lander/install/morphing_lander/lib/python3.8/site-packages:${PYTHONPATH} /usr/bin/python3 -W ignore:setup.py install is deprecated setup.py egg_info --egg-base build/morphing_lander build --build-base /home/m4pc/m4v2-code/m4_ws/src/morphing_lander/build/morphing_lander/build install --record /home/m4pc/m4v2-code/m4_ws/src/morphing_lander/build/morphing_lander/install.log --single-version-externally-managed install_data
[1.683s] Level 1:colcon.colcon_core.environment:checking '/home/m4pc/m4v2-code/m4_ws/src/morphing_lander/install/morphing_lander' for CMake module files
[1.683s] Level 1:colcon.colcon_core.environment:checking '/home/m4pc/m4v2-code/m4_ws/src/morphing_lander/install/morphing_lander' for CMake config files
[1.684s] Level 1:colcon.colcon_core.environment:checking '/home/m4pc/m4v2-code/m4_ws/src/morphing_lander/install/morphing_lander/lib'
[1.684s] Level 1:colcon.colcon_core.environment:checking '/home/m4pc/m4v2-code/m4_ws/src/morphing_lander/install/morphing_lander/bin'
[1.684s] Level 1:colcon.colcon_core.environment:checking '/home/m4pc/m4v2-code/m4_ws/src/morphing_lander/install/morphing_lander/lib/pkgconfig/morphing_lander.pc'
[1.684s] Level 1:colcon.colcon_core.environment:checking '/home/m4pc/m4v2-code/m4_ws/src/morphing_lander/install/morphing_lander/lib/python3.8/site-packages'
[1.684s] Level 1:colcon.colcon_core.shell:create_environment_hook('morphing_lander', 'pythonpath')
[1.685s] INFO:colcon.colcon_core.shell:Creating environment hook '/home/m4pc/m4v2-code/m4_ws/src/morphing_lander/install/morphing_lander/share/morphing_lander/hook/pythonpath.ps1'
[1.685s] INFO:colcon.colcon_core.shell:Creating environment descriptor '/home/m4pc/m4v2-code/m4_ws/src/morphing_lander/install/morphing_lander/share/morphing_lander/hook/pythonpath.dsv'
[1.685s] INFO:colcon.colcon_core.shell:Creating environment hook '/home/m4pc/m4v2-code/m4_ws/src/morphing_lander/install/morphing_lander/share/morphing_lander/hook/pythonpath.sh'
[1.686s] Level 1:colcon.colcon_core.environment:checking '/home/m4pc/m4v2-code/m4_ws/src/morphing_lander/install/morphing_lander/bin'
[1.686s] Level 1:colcon.colcon_core.environment:create_environment_scripts_only(morphing_lander)
[1.686s] INFO:colcon.colcon_core.shell:Creating package script '/home/m4pc/m4v2-code/m4_ws/src/morphing_lander/install/morphing_lander/share/morphing_lander/package.ps1'
[1.686s] INFO:colcon.colcon_core.shell:Creating package descriptor '/home/m4pc/m4v2-code/m4_ws/src/morphing_lander/install/morphing_lander/share/morphing_lander/package.dsv'
[1.687s] INFO:colcon.colcon_core.shell:Creating package script '/home/m4pc/m4v2-code/m4_ws/src/morphing_lander/install/morphing_lander/share/morphing_lander/package.sh'
[1.687s] INFO:colcon.colcon_core.shell:Creating package script '/home/m4pc/m4v2-code/m4_ws/src/morphing_lander/install/morphing_lander/share/morphing_lander/package.bash'
[1.688s] INFO:colcon.colcon_core.shell:Creating package script '/home/m4pc/m4v2-code/m4_ws/src/morphing_lander/install/morphing_lander/share/morphing_lander/package.zsh'
[1.688s] Level 1:colcon.colcon_core.environment:create_file_with_runtime_dependencies(/home/m4pc/m4v2-code/m4_ws/src/morphing_lander/install/morphing_lander/share/colcon-core/packages/morphing_lander)
[1.689s] DEBUG:colcon.colcon_parallel_executor.executor.parallel:closing loop
[1.689s] DEBUG:colcon.colcon_parallel_executor.executor.parallel:loop closed
[1.689s] DEBUG:colcon.colcon_parallel_executor.executor.parallel:run_until_complete finished with '0'
[1.689s] DEBUG:colcon.colcon_core.event_reactor:joining thread
[1.700s] INFO:colcon.colcon_core.plugin_system:Skipping extension 'colcon_notification.desktop_notification.terminal_notifier': Not used on non-Darwin systems
[1.700s] INFO:colcon.colcon_core.plugin_system:Skipping extension 'colcon_notification.desktop_notification.win32': Not used on non-Windows systems
[1.700s] INFO:colcon.colcon_notification.desktop_notification:Sending desktop notification using 'notify2'
[1.708s] DEBUG:colcon.colcon_core.event_reactor:joined thread
[1.708s] INFO:colcon.colcon_core.shell:Creating prefix script '/home/m4pc/m4v2-code/m4_ws/src/morphing_lander/install/local_setup.ps1'
[1.709s] INFO:colcon.colcon_core.shell:Creating prefix util module '/home/m4pc/m4v2-code/m4_ws/src/morphing_lander/install/_local_setup_util_ps1.py'
[1.710s] INFO:colcon.colcon_core.shell:Creating prefix chain script '/home/m4pc/m4v2-code/m4_ws/src/morphing_lander/install/setup.ps1'
[1.710s] INFO:colcon.colcon_core.shell:Creating prefix script '/home/m4pc/m4v2-code/m4_ws/src/morphing_lander/install/local_setup.sh'
[1.711s] INFO:colcon.colcon_core.shell:Creating prefix util module '/home/m4pc/m4v2-code/m4_ws/src/morphing_lander/install/_local_setup_util_sh.py'
[1.711s] INFO:colcon.colcon_core.shell:Creating prefix chain script '/home/m4pc/m4v2-code/m4_ws/src/morphing_lander/install/setup.sh'
[1.712s] INFO:colcon.colcon_core.shell:Creating prefix script '/home/m4pc/m4v2-code/m4_ws/src/morphing_lander/install/local_setup.bash'
[1.712s] INFO:colcon.colcon_core.shell:Creating prefix chain script '/home/m4pc/m4v2-code/m4_ws/src/morphing_lander/install/setup.bash'
[1.713s] INFO:colcon.colcon_core.shell:Creating prefix script '/home/m4pc/m4v2-code/m4_ws/src/morphing_lander/install/local_setup.zsh'
[1.713s] INFO:colcon.colcon_core.shell:Creating prefix chain script '/home/m4pc/m4v2-code/m4_ws/src/morphing_lander/install/setup.zsh'
